{"meta": {"format": 3, "version": "7.14.0", "timestamp": "2026-05-23T17:44:11.070657", "branch_coverage": false, "show_contexts": false}, "files": {"gui4aws\\__about__.py": {"executed_lines": [3, 15, 16, 17, 18, 19, 20, 21, 22, 23], "summary": {"covered_lines": 10, "num_statements": 10, "percent_covered": 100.0, "percent_covered_display": "100", "missing_lines": 0, "excluded_lines": 0, "percent_statements_covered": 100.0, "percent_statements_covered_display": "100"}, "missing_lines": [], "excluded_lines": [], "functions": {"": {"executed_lines": [3, 15, 16, 17, 18, 19, 20, 21, 22, 23], "summary": {"covered_lines": 10, "num_statements": 10, "percent_covered": 100.0, "percent_covered_display": "100", "missing_lines": 0, "excluded_lines": 0, "percent_statements_covered": 100.0, "percent_statements_covered_display": "100"}, "missing_lines": [], "excluded_lines": [], "start_line": 1}}, "classes": {"": {"executed_lines": [3, 15, 16, 17, 18, 19, 20, 21, 22, 23], "summary": {"covered_lines": 10, "num_statements": 10, "percent_covered": 100.0, "percent_covered_display": "100", "missing_lines": 0, "excluded_lines": 0, "percent_statements_covered": 100.0, "percent_statements_covered_display": "100"}, "missing_lines": [], "excluded_lines": [], "start_line": 1}}}, "gui4aws\\__init__.py": {"executed_lines": [3, 5], "summary": {"covered_lines": 2, "num_statements": 2, "percent_covered": 100.0, "percent_covered_display": "100", "missing_lines": 0, "excluded_lines": 0, "percent_statements_covered": 100.0, "percent_statements_covered_display": "100"}, "missing_lines": [], "excluded_lines": [], "functions": {"": {"executed_lines": [3, 5], "summary": {"covered_lines": 2, "num_statements": 2, "percent_covered": 100.0, "percent_covered_display": "100", "missing_lines": 0, "excluded_lines": 0, "percent_statements_covered": 100.0, "percent_statements_covered_display": "100"}, "missing_lines": [], "excluded_lines": [], "start_line": 1}}, "classes": {"": {"executed_lines": [3, 5], "summary": {"covered_lines": 2, "num_statements": 2, "percent_covered": 100.0, "percent_covered_display": "100", "missing_lines": 0, "excluded_lines": 0, "percent_statements_covered": 100.0, "percent_statements_covered_display": "100"}, "missing_lines": [], "excluded_lines": [], "start_line": 1}}}, "gui4aws\\__main__.py": {"executed_lines": [], "summary": {"covered_lines": 0, "num_statements": 1, "percent_covered": 0.0, "percent_covered_display": "0", "missing_lines": 1, "excluded_lines": 2, "percent_statements_covered": 0.0, "percent_statements_covered_display": "0"}, "missing_lines": [3], "excluded_lines": [5, 6], "functions": {"": {"executed_lines": [], "summary": {"covered_lines": 0, "num_statements": 1, "percent_covered": 0.0, "percent_covered_display": "0", "missing_lines": 1, "excluded_lines": 2, "percent_statements_covered": 0.0, "percent_statements_covered_display": "0"}, "missing_lines": [3], "excluded_lines": [5, 6], "start_line": 1}}, "classes": {"": {"executed_lines": [], "summary": {"covered_lines": 0, "num_statements": 1, "percent_covered": 0.0, "percent_covered_display": "0", "missing_lines": 1, "excluded_lines": 2, "percent_statements_covered": 0.0, "percent_statements_covered_display": "0"}, "missing_lines": [3], "excluded_lines": [5, 6], "start_line": 1}}}, "gui4aws\\app.py": {"executed_lines": [6, 8, 9, 10, 12, 13, 14, 15, 16, 17, 18, 20, 22, 26, 35, 36, 39, 40, 41, 42, 43, 44, 45, 46, 48, 50, 51, 52, 54, 60, 66, 68, 69, 70, 72, 74, 75, 76, 78, 80, 86, 94, 96, 104, 105, 106, 108, 109, 112, 113, 114, 116, 118, 121], "summary": {"covered_lines": 54, "num_statements": 64, "percent_covered": 84.375, "percent_covered_display": "84", "missing_lines": 10, "excluded_lines": 0, "percent_statements_covered": 84.375, "percent_statements_covered_display": "84"}, "missing_lines": [56, 57, 58, 62, 63, 64, 88, 111, 119, 120], "excluded_lines": [], "functions": {"AppContext.set_mode": {"executed_lines": [50, 51, 52], "summary": {"covered_lines": 3, "num_statements": 3, "percent_covered": 100.0, "percent_covered_display": "100", "missing_lines": 0, "excluded_lines": 0, "percent_statements_covered": 100.0, "percent_statements_covered_display": "100"}, "missing_lines": [], "excluded_lines": [], "start_line": 48}, "AppContext.set_region": {"executed_lines": [], "summary": {"covered_lines": 0, "num_statements": 3, "percent_covered": 0.0, "percent_covered_display": "0", "missing_lines": 3, "excluded_lines": 0, "percent_statements_covered": 0.0, "percent_statements_covered_display": "0"}, "missing_lines": [56, 57, 58], "excluded_lines": [], "start_line": 54}, "AppContext.set_partition": {"executed_lines": [], "summary": {"covered_lines": 0, "num_statements": 3, "percent_covered": 0.0, "percent_covered_display": "0", "missing_lines": 3, "excluded_lines": 0, "percent_statements_covered": 0.0, "percent_statements_covered_display": "0"}, "missing_lines": [62, 63, 64], "excluded_lines": [], "start_line": 60}, "AppContext.set_profile": {"executed_lines": [68, 69, 70], "summary": {"covered_lines": 3, "num_statements": 3, "percent_covered": 100.0, "percent_covered_display": "100", "missing_lines": 0, "excluded_lines": 0, "percent_statements_covered": 100.0, "percent_statements_covered_display": "100"}, "missing_lines": [], "excluded_lines": [], "start_line": 66}, "AppContext.set_endpoint": {"executed_lines": [74, 75, 76], "summary": {"covered_lines": 3, "num_statements": 3, "percent_covered": 100.0, "percent_covered_display": "100", "missing_lines": 0, "excluded_lines": 0, "percent_statements_covered": 100.0, "percent_statements_covered_display": "100"}, "missing_lines": [], "excluded_lines": [], "start_line": 72}, "AppContext.boto3_executor": {"executed_lines": [80], "summary": {"covered_lines": 1, "num_statements": 1, "percent_covered": 100.0, "percent_covered_display": "100", "missing_lines": 0, "excluded_lines": 0, "percent_statements_covered": 100.0, "percent_statements_covered_display": "100"}, "missing_lines": [], "excluded_lines": [], "start_line": 78}, "AppContext.aws_cli_executor": {"executed_lines": [], "summary": {"covered_lines": 0, "num_statements": 1, "percent_covered": 0.0, "percent_covered_display": "0", "missing_lines": 1, "excluded_lines": 0, "percent_statements_covered": 0.0, "percent_statements_covered_display": "0"}, "missing_lines": [88], "excluded_lines": [], "start_line": 86}, "AppContext.execute": {"executed_lines": [96, 104, 105, 106, 108, 109, 112, 113, 114], "summary": {"covered_lines": 9, "num_statements": 10, "percent_covered": 90.0, "percent_covered_display": "90", "missing_lines": 1, "excluded_lines": 0, "percent_statements_covered": 90.0, "percent_statements_covered_display": "90"}, "missing_lines": [111], "excluded_lines": [], "start_line": 94}, "AppContext.invalidate_read_cache": {"executed_lines": [118, 121], "summary": {"covered_lines": 2, "num_statements": 4, "percent_covered": 50.0, "percent_covered_display": "50", "missing_lines": 2, "excluded_lines": 0, "percent_statements_covered": 50.0, "percent_statements_covered_display": "50"}, "missing_lines": [119, 120], "excluded_lines": [], "start_line": 116}, "": {"executed_lines": [6, 8, 9, 10, 12, 13, 14, 15, 16, 17, 18, 20, 22, 26, 35, 36, 39, 40, 41, 42, 43, 44, 45, 46, 48, 54, 60, 66, 72, 78, 86, 94, 116], "summary": {"covered_lines": 33, "num_statements": 33, "percent_covered": 100.0, "percent_covered_display": "100", "missing_lines": 0, "excluded_lines": 0, "percent_statements_covered": 100.0, "percent_statements_covered_display": "100"}, "missing_lines": [], "excluded_lines": [], "start_line": 1}}, "classes": {"AppContext": {"executed_lines": [50, 51, 52, 68, 69, 70, 74, 75, 76, 80, 96, 104, 105, 106, 108, 109, 112, 113, 114, 118, 121], "summary": {"covered_lines": 21, "num_statements": 31, "percent_covered": 67.74193548387096, "percent_covered_display": "68", "missing_lines": 10, "excluded_lines": 0, "percent_statements_covered": 67.74193548387096, "percent_statements_covered_display": "68"}, "missing_lines": [56, 57, 58, 62, 63, 64, 88, 111, 119, 120], "excluded_lines": [], "start_line": 36}, "": {"executed_lines": [6, 8, 9, 10, 12, 13, 14, 15, 16, 17, 18, 20, 22, 26, 35, 36, 39, 40, 41, 42, 43, 44, 45, 46, 48, 54, 60, 66, 72, 78, 86, 94, 116], "summary": {"covered_lines": 33, "num_statements": 33, "percent_covered": 100.0, "percent_covered_display": "100", "missing_lines": 0, "excluded_lines": 0, "percent_statements_covered": 100.0, "percent_statements_covered_display": "100"}, "missing_lines": [], "excluded_lines": [], "start_line": 1}}}, "gui4aws\\cli.py": {"executed_lines": [3, 5, 6, 7, 8, 9, 10, 12, 13, 15, 16, 17, 18, 19, 21, 23, 26, 28, 29, 30, 31, 33, 35, 36, 38, 39, 40, 41, 43, 44, 45, 47, 54, 57, 59, 61, 62, 63, 69, 75, 81, 84, 86, 87, 88, 90, 92, 93, 102, 124, 126, 127, 128, 129, 130, 131, 132, 133, 134, 137, 138, 140, 143, 144, 145, 148, 155, 163, 165, 166, 167, 172], "summary": {"covered_lines": 72, "num_statements": 103, "percent_covered": 69.90291262135922, "percent_covered_display": "70", "missing_lines": 31, "excluded_lines": 4, "percent_statements_covered": 69.90291262135922, "percent_statements_covered_display": "70"}, "missing_lines": [91, 94, 95, 96, 97, 98, 99, 104, 105, 115, 117, 118, 119, 120, 121, 135, 136, 150, 151, 152, 157, 158, 159, 160, 168, 169, 174, 175, 176, 177, 178], "excluded_lines": [141, 142, 181, 182], "functions": {"build_parser": {"executed_lines": [28, 29, 30, 31, 33, 35, 36, 38, 39, 40, 41, 43, 44, 45, 47, 54], "summary": {"covered_lines": 16, "num_statements": 16, "percent_covered": 100.0, "percent_covered_display": "100", "missing_lines": 0, "excluded_lines": 0, "percent_statements_covered": 100.0, "percent_statements_covered_display": "100"}, "missing_lines": [], "excluded_lines": [], "start_line": 26}, "add_common_runtime_options": {"executed_lines": [59, 61, 62, 63, 69, 75, 81], "summary": {"covered_lines": 7, "num_statements": 7, "percent_covered": 100.0, "percent_covered_display": "100", "missing_lines": 0, "excluded_lines": 0, "percent_statements_covered": 100.0, "percent_statements_covered_display": "100"}, "missing_lines": [], "excluded_lines": [], "start_line": 57}, "main": {"executed_lines": [86, 87, 88, 90, 92, 93], "summary": {"covered_lines": 6, "num_statements": 13, "percent_covered": 46.15384615384615, "percent_covered_display": "46", "missing_lines": 7, "excluded_lines": 0, "percent_statements_covered": 46.15384615384615, "percent_statements_covered_display": "46"}, "missing_lines": [91, 94, 95, 96, 97, 98, 99], "excluded_lines": [], "start_line": 84}, "run_gui": {"executed_lines": [], "summary": {"covered_lines": 0, "num_statements": 8, "percent_covered": 0.0, "percent_covered_display": "0", "missing_lines": 8, "excluded_lines": 0, "percent_statements_covered": 0.0, "percent_statements_covered_display": "0"}, "missing_lines": [104, 105, 115, 117, 118, 119, 120, 121], "excluded_lines": [], "start_line": 102}, "run_doctor": {"executed_lines": [126, 127, 128, 129, 130, 131, 132, 133, 134, 137, 138, 140, 143, 144, 145], "summary": {"covered_lines": 15, "num_statements": 17, "percent_covered": 88.23529411764706, "percent_covered_display": "88", "missing_lines": 2, "excluded_lines": 2, "percent_statements_covered": 88.23529411764706, "percent_statements_covered_display": "88"}, "missing_lines": [135, 136], "excluded_lines": [141, 142], "start_line": 124}, "run_list_profiles": {"executed_lines": [], "summary": {"covered_lines": 0, "num_statements": 3, "percent_covered": 0.0, "percent_covered_display": "0", "missing_lines": 3, "excluded_lines": 0, "percent_statements_covered": 0.0, "percent_statements_covered_display": "0"}, "missing_lines": [150, 151, 152], "excluded_lines": [], "start_line": 148}, "run_list_regions": {"executed_lines": [], "summary": {"covered_lines": 0, "num_statements": 4, "percent_covered": 0.0, "percent_covered_display": "0", "missing_lines": 4, "excluded_lines": 0, "percent_statements_covered": 0.0, "percent_statements_covered_display": "0"}, "missing_lines": [157, 158, 159, 160], "excluded_lines": [], "start_line": 155}, "available_profiles": {"executed_lines": [165, 166, 167], "summary": {"covered_lines": 3, "num_statements": 5, "percent_covered": 60.0, "percent_covered_display": "60", "missing_lines": 2, "excluded_lines": 0, "percent_statements_covered": 60.0, "percent_statements_covered_display": "60"}, "missing_lines": [168, 169], "excluded_lines": [], "start_line": 163}, "available_regions": {"executed_lines": [], "summary": {"covered_lines": 0, "num_statements": 5, "percent_covered": 0.0, "percent_covered_display": "0", "missing_lines": 5, "excluded_lines": 0, "percent_statements_covered": 0.0, "percent_statements_covered_display": "0"}, "missing_lines": [174, 175, 176, 177, 178], "excluded_lines": [], "start_line": 172}, "": {"executed_lines": [3, 5, 6, 7, 8, 9, 10, 12, 13, 15, 16, 17, 18, 19, 21, 23, 26, 57, 84, 102, 124, 148, 155, 163, 172], "summary": {"covered_lines": 25, "num_statements": 25, "percent_covered": 100.0, "percent_covered_display": "100", "missing_lines": 0, "excluded_lines": 2, "percent_statements_covered": 100.0, "percent_statements_covered_display": "100"}, "missing_lines": [], "excluded_lines": [181, 182], "start_line": 1}}, "classes": {"": {"executed_lines": [3, 5, 6, 7, 8, 9, 10, 12, 13, 15, 16, 17, 18, 19, 21, 23, 26, 28, 29, 30, 31, 33, 35, 36, 38, 39, 40, 41, 43, 44, 45, 47, 54, 57, 59, 61, 62, 63, 69, 75, 81, 84, 86, 87, 88, 90, 92, 93, 102, 124, 126, 127, 128, 129, 130, 131, 132, 133, 134, 137, 138, 140, 143, 144, 145, 148, 155, 163, 165, 166, 167, 172], "summary": {"covered_lines": 72, "num_statements": 103, "percent_covered": 69.90291262135922, "percent_covered_display": "70", "missing_lines": 31, "excluded_lines": 4, "percent_statements_covered": 69.90291262135922, "percent_statements_covered_display": "70"}, "missing_lines": [91, 94, 95, 96, 97, 98, 99, 104, 105, 115, 117, 118, 119, 120, 121, 135, 136, 150, 151, 152, 157, 158, 159, 160, 168, 169, 174, 175, 176, 177, 178], "excluded_lines": [141, 142, 181, 182], "start_line": 1}}}, "gui4aws\\config.py": {"executed_lines": [], "summary": {"covered_lines": 0, "num_statements": 76, "percent_covered": 0.0, "percent_covered_display": "0", "missing_lines": 76, "excluded_lines": 2, "percent_statements_covered": 0.0, "percent_statements_covered_display": "0"}, "missing_lines": [7, 9, 10, 11, 12, 13, 14, 16, 19, 20, 23, 24, 25, 26, 27, 28, 29, 30, 31, 34, 36, 37, 38, 39, 40, 41, 42, 43, 46, 48, 49, 50, 51, 52, 54, 55, 57, 58, 60, 63, 66, 68, 69, 70, 71, 74, 75, 76, 82, 83, 84, 85, 86, 87, 88, 89, 90, 91, 92, 93, 94, 95, 96, 97, 98, 99, 100, 101, 102, 103, 106, 107, 121, 122, 129, 130], "excluded_lines": [61, 62], "functions": {"config_path": {"executed_lines": [], "summary": {"covered_lines": 0, "num_statements": 8, "percent_covered": 0.0, "percent_covered_display": "0", "missing_lines": 8, "excluded_lines": 0, "percent_statements_covered": 0.0, "percent_statements_covered_display": "0"}, "missing_lines": [36, 37, 38, 39, 40, 41, 42, 43], "excluded_lines": [], "start_line": 34}, "load_config": {"executed_lines": [], "summary": {"covered_lines": 0, "num_statements": 11, "percent_covered": 0.0, "percent_covered_display": "0", "missing_lines": 11, "excluded_lines": 2, "percent_statements_covered": 0.0, "percent_statements_covered_display": "0"}, "missing_lines": [48, 49, 50, 51, 52, 54, 55, 57, 58, 60, 63], "excluded_lines": [61, 62], "start_line": 46}, "save_config": {"executed_lines": [], "summary": {"covered_lines": 0, "num_statements": 4, "percent_covered": 0.0, "percent_covered_display": "0", "missing_lines": 4, "excluded_lines": 0, "percent_statements_covered": 0.0, "percent_statements_covered_display": "0"}, "missing_lines": [68, 69, 70, 71], "excluded_lines": [], "start_line": 66}, "_apply": {"executed_lines": [], "summary": {"covered_lines": 0, "num_statements": 24, "percent_covered": 0.0, "percent_covered_display": "0", "missing_lines": 24, "excluded_lines": 0, "percent_statements_covered": 0.0, "percent_statements_covered_display": "0"}, "missing_lines": [75, 76, 82, 83, 84, 85, 86, 87, 88, 89, 90, 91, 92, 93, 94, 95, 96, 97, 98, 99, 100, 101, 102, 103], "excluded_lines": [], "start_line": 74}, "_render_toml": {"executed_lines": [], "summary": {"covered_lines": 0, "num_statements": 5, "percent_covered": 0.0, "percent_covered_display": "0", "missing_lines": 5, "excluded_lines": 0, "percent_statements_covered": 0.0, "percent_statements_covered_display": "0"}, "missing_lines": [107, 121, 122, 129, 130], "excluded_lines": [], "start_line": 106}, "": {"executed_lines": [], "summary": {"covered_lines": 0, "num_statements": 24, "percent_covered": 0.0, "percent_covered_display": "0", "missing_lines": 24, "excluded_lines": 0, "percent_statements_covered": 0.0, "percent_statements_covered_display": "0"}, "missing_lines": [7, 9, 10, 11, 12, 13, 14, 16, 19, 20, 23, 24, 25, 26, 27, 28, 29, 30, 31, 34, 46, 66, 74, 106], "excluded_lines": [], "start_line": 1}}, "classes": {"AppConfig": {"executed_lines": [], "summary": {"covered_lines": 0, "num_statements": 0, "percent_covered": 100.0, "percent_covered_display": "100", "missing_lines": 0, "excluded_lines": 0, "percent_statements_covered": 100.0, "percent_statements_covered_display": "100"}, "missing_lines": [], "excluded_lines": [], "start_line": 20}, "": {"executed_lines": [], "summary": {"covered_lines": 0, "num_statements": 76, "percent_covered": 0.0, "percent_covered_display": "0", "missing_lines": 76, "excluded_lines": 2, "percent_statements_covered": 0.0, "percent_statements_covered_display": "0"}, "missing_lines": [7, 9, 10, 11, 12, 13, 14, 16, 19, 20, 23, 24, 25, 26, 27, 28, 29, 30, 31, 34, 36, 37, 38, 39, 40, 41, 42, 43, 46, 48, 49, 50, 51, 52, 54, 55, 57, 58, 60, 63, 66, 68, 69, 70, 71, 74, 75, 76, 82, 83, 84, 85, 86, 87, 88, 89, 90, 91, 92, 93, 94, 95, 96, 97, 98, 99, 100, 101, 102, 103, 106, 107, 121, 122, 129, 130], "excluded_lines": [61, 62], "start_line": 1}}}, "gui4aws\\demo_resources.py": {"executed_lines": [], "summary": {"covered_lines": 0, "num_statements": 391, "percent_covered": 0.0, "percent_covered_display": "0", "missing_lines": 391, "excluded_lines": 0, "percent_statements_covered": 0.0, "percent_statements_covered_display": "0"}, "missing_lines": [10, 12, 13, 15, 17, 19, 20, 23, 24, 27, 42, 45, 46, 48, 50, 51, 52, 53, 55, 57, 58, 59, 60, 61, 62, 63, 64, 65, 66, 67, 68, 69, 70, 71, 72, 74, 77, 78, 80, 103, 104, 105, 106, 107, 108, 109, 110, 111, 112, 114, 115, 116, 126, 127, 128, 129, 131, 132, 133, 134, 135, 143, 144, 145, 146, 148, 151, 152, 160, 161, 162, 166, 167, 168, 169, 170, 172, 173, 174, 175, 176, 177, 186, 187, 188, 189, 190, 191, 193, 194, 195, 196, 205, 206, 207, 208, 209, 211, 212, 213, 214, 222, 223, 224, 225, 226, 228, 229, 230, 239, 240, 241, 242, 243, 245, 248, 254, 261, 262, 263, 271, 272, 273, 274, 276, 277, 280, 313, 314, 315, 316, 317, 318, 319, 320, 321, 322, 323, 326, 327, 343, 344, 345, 346, 347, 348, 349, 351, 354, 355, 357, 362, 363, 364, 370, 371, 372, 373, 375, 378, 379, 381, 388, 389, 390, 397, 398, 399, 400, 402, 405, 411, 419, 425, 426, 427, 435, 436, 437, 438, 441, 462, 463, 473, 474, 475, 476, 477, 496, 497, 498, 501, 502, 516, 517, 518, 519, 521, 522, 524, 525, 527, 530, 532, 533, 534, 535, 536, 538, 539, 541, 542, 543, 544, 545, 546, 547, 552, 553, 554, 555, 556, 557, 558, 559, 562, 563, 565, 570, 572, 573, 574, 583, 584, 585, 587, 588, 589, 590, 591, 592, 594, 595, 597, 600, 601, 603, 609, 610, 612, 613, 614, 615, 616, 625, 626, 627, 628, 630, 633, 634, 636, 642, 643, 644, 652, 653, 654, 655, 656, 658, 661, 663, 664, 666, 670, 671, 672, 673, 676, 677, 679, 682, 683, 684, 685, 697, 698, 699, 700, 702, 717, 718, 719, 733, 734, 735, 736, 738, 741, 742, 745, 770, 771, 772, 773, 774, 775, 776, 777, 780, 786, 787, 788, 796, 797, 798, 799, 803, 804, 805, 806, 808, 811, 812, 814, 816, 841, 842, 843, 851, 852, 853, 854, 856, 859, 860, 861, 865, 866, 867, 875, 876, 877, 878, 879, 880, 883, 884, 885, 889, 890, 891, 892, 893, 894, 895, 896, 899, 901, 902, 905, 910, 911, 912, 913, 914, 915, 916, 919, 924, 925, 926, 927, 928, 929, 930, 931, 932, 933, 934, 935, 938, 946, 947, 953, 954, 955, 956, 957, 959], "excluded_lines": [], "functions": {"_tags": {"executed_lines": [], "summary": {"covered_lines": 0, "num_statements": 1, "percent_covered": 0.0, "percent_covered_display": "0", "missing_lines": 1, "excluded_lines": 0, "percent_statements_covered": 0.0, "percent_statements_covered_display": "0"}, "missing_lines": [24], "excluded_lines": [], "start_line": 23}, "seed_demo_resources": {"executed_lines": [], "summary": {"covered_lines": 0, "num_statements": 23, "percent_covered": 0.0, "percent_covered_display": "0", "missing_lines": 23, "excluded_lines": 0, "percent_statements_covered": 0.0, "percent_statements_covered_display": "0"}, "missing_lines": [42, 45, 46, 48, 50, 55, 57, 58, 59, 60, 61, 62, 63, 64, 65, 66, 67, 68, 69, 70, 71, 72, 74], "excluded_lines": [], "start_line": 27}, "seed_demo_resources.client": {"executed_lines": [], "summary": {"covered_lines": 0, "num_statements": 3, "percent_covered": 0.0, "percent_covered_display": "0", "missing_lines": 3, "excluded_lines": 0, "percent_statements_covered": 0.0, "percent_statements_covered_display": "0"}, "missing_lines": [51, 52, 53], "excluded_lines": [], "start_line": 50}, "_seed_aurora": {"executed_lines": [], "summary": {"covered_lines": 0, "num_statements": 29, "percent_covered": 0.0, "percent_covered_display": "0", "missing_lines": 29, "excluded_lines": 0, "percent_statements_covered": 0.0, "percent_statements_covered_display": "0"}, "missing_lines": [78, 80, 103, 104, 105, 106, 107, 108, 109, 110, 111, 112, 114, 115, 116, 126, 127, 128, 129, 131, 132, 133, 134, 135, 143, 144, 145, 146, 148], "excluded_lines": [], "start_line": 77}, "_seed_networking": {"executed_lines": [], "summary": {"covered_lines": 0, "num_statements": 48, "percent_covered": 0.0, "percent_covered_display": "0", "missing_lines": 48, "excluded_lines": 0, "percent_statements_covered": 0.0, "percent_statements_covered_display": "0"}, "missing_lines": [152, 160, 161, 162, 166, 167, 168, 169, 170, 172, 173, 174, 175, 176, 177, 186, 187, 188, 189, 190, 191, 193, 194, 195, 196, 205, 206, 207, 208, 209, 211, 212, 213, 214, 222, 223, 224, 225, 226, 228, 229, 230, 239, 240, 241, 242, 243, 245], "excluded_lines": [], "start_line": 151}, "_seed_ecs": {"executed_lines": [], "summary": {"covered_lines": 0, "num_statements": 32, "percent_covered": 0.0, "percent_covered_display": "0", "missing_lines": 32, "excluded_lines": 0, "percent_statements_covered": 0.0, "percent_statements_covered_display": "0"}, "missing_lines": [254, 261, 262, 263, 271, 272, 273, 274, 276, 277, 280, 313, 314, 315, 316, 317, 318, 319, 320, 321, 322, 323, 326, 327, 343, 344, 345, 346, 347, 348, 349, 351], "excluded_lines": [], "start_line": 248}, "_seed_secrets": {"executed_lines": [], "summary": {"covered_lines": 0, "num_statements": 10, "percent_covered": 0.0, "percent_covered_display": "0", "missing_lines": 10, "excluded_lines": 0, "percent_statements_covered": 0.0, "percent_statements_covered_display": "0"}, "missing_lines": [355, 357, 362, 363, 364, 370, 371, 372, 373, 375], "excluded_lines": [], "start_line": 354}, "_seed_ssm": {"executed_lines": [], "summary": {"covered_lines": 0, "num_statements": 10, "percent_covered": 0.0, "percent_covered_display": "0", "missing_lines": 10, "excluded_lines": 0, "percent_statements_covered": 0.0, "percent_statements_covered_display": "0"}, "missing_lines": [379, 381, 388, 389, 390, 397, 398, 399, 400, 402], "excluded_lines": [], "start_line": 378}, "_seed_backup": {"executed_lines": [], "summary": {"covered_lines": 0, "num_statements": 31, "percent_covered": 0.0, "percent_covered_display": "0", "missing_lines": 31, "excluded_lines": 0, "percent_statements_covered": 0.0, "percent_statements_covered_display": "0"}, "missing_lines": [411, 419, 425, 426, 427, 435, 436, 437, 438, 441, 462, 463, 473, 474, 475, 476, 477, 496, 497, 498, 501, 502, 516, 517, 518, 519, 521, 522, 524, 525, 527], "excluded_lines": [], "start_line": 405}, "_seed_backup_jobs": {"executed_lines": [], "summary": {"covered_lines": 0, "num_statements": 22, "percent_covered": 0.0, "percent_covered_display": "0", "missing_lines": 22, "excluded_lines": 0, "percent_statements_covered": 0.0, "percent_statements_covered_display": "0"}, "missing_lines": [532, 533, 534, 535, 536, 538, 539, 541, 542, 543, 544, 545, 546, 547, 552, 553, 554, 555, 556, 557, 558, 559], "excluded_lines": [], "start_line": 530}, "_seed_kms": {"executed_lines": [], "summary": {"covered_lines": 0, "num_statements": 18, "percent_covered": 0.0, "percent_covered_display": "0", "missing_lines": 18, "excluded_lines": 0, "percent_statements_covered": 0.0, "percent_statements_covered_display": "0"}, "missing_lines": [563, 565, 570, 572, 573, 574, 583, 584, 585, 587, 588, 589, 590, 591, 592, 594, 595, 597], "excluded_lines": [], "start_line": 562}, "_seed_s3": {"executed_lines": [], "summary": {"covered_lines": 0, "num_statements": 14, "percent_covered": 0.0, "percent_covered_display": "0", "missing_lines": 14, "excluded_lines": 0, "percent_statements_covered": 0.0, "percent_statements_covered_display": "0"}, "missing_lines": [601, 603, 609, 610, 612, 613, 614, 615, 616, 625, 626, 627, 628, 630], "excluded_lines": [], "start_line": 600}, "_seed_sqs": {"executed_lines": [], "summary": {"covered_lines": 0, "num_statements": 11, "percent_covered": 0.0, "percent_covered_display": "0", "missing_lines": 11, "excluded_lines": 0, "percent_statements_covered": 0.0, "percent_statements_covered_display": "0"}, "missing_lines": [634, 636, 642, 643, 644, 652, 653, 654, 655, 656, 658], "excluded_lines": [], "start_line": 633}, "_make_lambda_zip": {"executed_lines": [], "summary": {"covered_lines": 0, "num_statements": 7, "percent_covered": 0.0, "percent_covered_display": "0", "missing_lines": 7, "excluded_lines": 0, "percent_statements_covered": 0.0, "percent_statements_covered_display": "0"}, "missing_lines": [663, 664, 666, 670, 671, 672, 673], "excluded_lines": [], "start_line": 661}, "_seed_lambda": {"executed_lines": [], "summary": {"covered_lines": 0, "num_statements": 19, "percent_covered": 0.0, "percent_covered_display": "0", "missing_lines": 19, "excluded_lines": 0, "percent_statements_covered": 0.0, "percent_statements_covered_display": "0"}, "missing_lines": [677, 679, 682, 683, 684, 685, 697, 698, 699, 700, 702, 717, 718, 719, 733, 734, 735, 736, 738], "excluded_lines": [], "start_line": 676}, "_seed_cloudwatch": {"executed_lines": [], "summary": {"covered_lines": 0, "num_statements": 23, "percent_covered": 0.0, "percent_covered_display": "0", "missing_lines": 23, "excluded_lines": 0, "percent_statements_covered": 0.0, "percent_statements_covered_display": "0"}, "missing_lines": [742, 745, 770, 771, 772, 773, 774, 775, 776, 777, 780, 786, 787, 788, 796, 797, 798, 799, 803, 804, 805, 806, 808], "excluded_lines": [], "start_line": 741}, "_seed_cloudformation": {"executed_lines": [], "summary": {"covered_lines": 0, "num_statements": 11, "percent_covered": 0.0, "percent_covered_display": "0", "missing_lines": 11, "excluded_lines": 0, "percent_statements_covered": 0.0, "percent_statements_covered_display": "0"}, "missing_lines": [812, 814, 816, 841, 842, 843, 851, 852, 853, 854, 856], "excluded_lines": [], "start_line": 811}, "_seed_sns": {"executed_lines": [], "summary": {"covered_lines": 0, "num_statements": 11, "percent_covered": 0.0, "percent_covered_display": "0", "missing_lines": 11, "excluded_lines": 0, "percent_statements_covered": 0.0, "percent_statements_covered_display": "0"}, "missing_lines": [860, 861, 865, 866, 867, 875, 876, 877, 878, 879, 880], "excluded_lines": [], "start_line": 859}, "_seed_ses": {"executed_lines": [], "summary": {"covered_lines": 0, "num_statements": 10, "percent_covered": 0.0, "percent_covered_display": "0", "missing_lines": 10, "excluded_lines": 0, "percent_statements_covered": 0.0, "percent_statements_covered_display": "0"}, "missing_lines": [884, 885, 889, 890, 891, 892, 893, 894, 895, 896], "excluded_lines": [], "start_line": 883}, "_seed_iam_extras": {"executed_lines": [], "summary": {"covered_lines": 0, "num_statements": 32, "percent_covered": 0.0, "percent_covered_display": "0", "missing_lines": 32, "excluded_lines": 0, "percent_statements_covered": 0.0, "percent_statements_covered_display": "0"}, "missing_lines": [901, 902, 905, 910, 911, 912, 913, 914, 915, 916, 919, 924, 925, 926, 927, 928, 929, 930, 931, 932, 933, 934, 935, 938, 946, 947, 953, 954, 955, 956, 957, 959], "excluded_lines": [], "start_line": 899}, "": {"executed_lines": [], "summary": {"covered_lines": 0, "num_statements": 26, "percent_covered": 0.0, "percent_covered_display": "0", "missing_lines": 26, "excluded_lines": 0, "percent_statements_covered": 0.0, "percent_statements_covered_display": "0"}, "missing_lines": [10, 12, 13, 15, 17, 19, 20, 23, 27, 77, 151, 248, 354, 378, 405, 530, 562, 600, 633, 661, 676, 741, 811, 859, 883, 899], "excluded_lines": [], "start_line": 1}}, "classes": {"": {"executed_lines": [], "summary": {"covered_lines": 0, "num_statements": 391, "percent_covered": 0.0, "percent_covered_display": "0", "missing_lines": 391, "excluded_lines": 0, "percent_statements_covered": 0.0, "percent_statements_covered_display": "0"}, "missing_lines": [10, 12, 13, 15, 17, 19, 20, 23, 24, 27, 42, 45, 46, 48, 50, 51, 52, 53, 55, 57, 58, 59, 60, 61, 62, 63, 64, 65, 66, 67, 68, 69, 70, 71, 72, 74, 77, 78, 80, 103, 104, 105, 106, 107, 108, 109, 110, 111, 112, 114, 115, 116, 126, 127, 128, 129, 131, 132, 133, 134, 135, 143, 144, 145, 146, 148, 151, 152, 160, 161, 162, 166, 167, 168, 169, 170, 172, 173, 174, 175, 176, 177, 186, 187, 188, 189, 190, 191, 193, 194, 195, 196, 205, 206, 207, 208, 209, 211, 212, 213, 214, 222, 223, 224, 225, 226, 228, 229, 230, 239, 240, 241, 242, 243, 245, 248, 254, 261, 262, 263, 271, 272, 273, 274, 276, 277, 280, 313, 314, 315, 316, 317, 318, 319, 320, 321, 322, 323, 326, 327, 343, 344, 345, 346, 347, 348, 349, 351, 354, 355, 357, 362, 363, 364, 370, 371, 372, 373, 375, 378, 379, 381, 388, 389, 390, 397, 398, 399, 400, 402, 405, 411, 419, 425, 426, 427, 435, 436, 437, 438, 441, 462, 463, 473, 474, 475, 476, 477, 496, 497, 498, 501, 502, 516, 517, 518, 519, 521, 522, 524, 525, 527, 530, 532, 533, 534, 535, 536, 538, 539, 541, 542, 543, 544, 545, 546, 547, 552, 553, 554, 555, 556, 557, 558, 559, 562, 563, 565, 570, 572, 573, 574, 583, 584, 585, 587, 588, 589, 590, 591, 592, 594, 595, 597, 600, 601, 603, 609, 610, 612, 613, 614, 615, 616, 625, 626, 627, 628, 630, 633, 634, 636, 642, 643, 644, 652, 653, 654, 655, 656, 658, 661, 663, 664, 666, 670, 671, 672, 673, 676, 677, 679, 682, 683, 684, 685, 697, 698, 699, 700, 702, 717, 718, 719, 733, 734, 735, 736, 738, 741, 742, 745, 770, 771, 772, 773, 774, 775, 776, 777, 780, 786, 787, 788, 796, 797, 798, 799, 803, 804, 805, 806, 808, 811, 812, 814, 816, 841, 842, 843, 851, 852, 853, 854, 856, 859, 860, 861, 865, 866, 867, 875, 876, 877, 878, 879, 880, 883, 884, 885, 889, 890, 891, 892, 893, 894, 895, 896, 899, 901, 902, 905, 910, 911, 912, 913, 914, 915, 916, 919, 924, 925, 926, 927, 928, 929, 930, 931, 932, 933, 934, 935, 938, 946, 947, 953, 954, 955, 956, 957, 959], "excluded_lines": [], "start_line": 1}}}, "gui4aws\\execution\\__init__.py": {"executed_lines": [7, 8, 9, 11], "summary": {"covered_lines": 4, "num_statements": 4, "percent_covered": 100.0, "percent_covered_display": "100", "missing_lines": 0, "excluded_lines": 0, "percent_statements_covered": 100.0, "percent_statements_covered_display": "100"}, "missing_lines": [], "excluded_lines": [], "functions": {"": {"executed_lines": [7, 8, 9, 11], "summary": {"covered_lines": 4, "num_statements": 4, "percent_covered": 100.0, "percent_covered_display": "100", "missing_lines": 0, "excluded_lines": 0, "percent_statements_covered": 100.0, "percent_statements_covered_display": "100"}, "missing_lines": [], "excluded_lines": [], "start_line": 1}}, "classes": {"": {"executed_lines": [7, 8, 9, 11], "summary": {"covered_lines": 4, "num_statements": 4, "percent_covered": 100.0, "percent_covered_display": "100", "missing_lines": 0, "excluded_lines": 0, "percent_statements_covered": 100.0, "percent_statements_covered_display": "100"}, "missing_lines": [], "excluded_lines": [], "start_line": 1}}}, "gui4aws\\execution\\action_cache.py": {"executed_lines": [3, 5, 6, 7, 8, 9, 11, 12, 13, 15, 18, 19, 22, 23, 24, 25, 26, 27, 28, 29, 32, 33, 34, 35, 38, 41, 42, 43, 44, 45, 46, 55, 57, 68, 79, 81, 82, 83, 84, 85, 86, 87, 88, 89, 90, 91, 92, 93, 94, 95, 96, 98, 100, 101, 102, 103, 105, 107, 108, 109, 110, 111, 112, 114, 123, 124, 125, 126, 132, 133, 134, 135, 138, 140, 141, 142, 143, 144, 146, 152, 154, 155, 156, 168, 176, 178, 180, 181, 182, 183, 184, 186, 190, 191, 192], "summary": {"covered_lines": 95, "num_statements": 102, "percent_covered": 93.13725490196079, "percent_covered_display": "93", "missing_lines": 7, "excluded_lines": 0, "percent_statements_covered": 93.13725490196079, "percent_statements_covered_display": "93"}, "missing_lines": [136, 148, 149, 150, 185, 187, 188], "excluded_lines": [], "functions": {"ActionCache.__init__": {"executed_lines": [42, 43, 44, 45, 46, 55], "summary": {"covered_lines": 6, "num_statements": 6, "percent_covered": 100.0, "percent_covered_display": "100", "missing_lines": 0, "excluded_lines": 0, "percent_statements_covered": 100.0, "percent_statements_covered_display": "100"}, "missing_lines": [], "excluded_lines": [], "start_line": 41}, "ActionCache.build_key": {"executed_lines": [68], "summary": {"covered_lines": 1, "num_statements": 1, "percent_covered": 100.0, "percent_covered_display": "100", "missing_lines": 0, "excluded_lines": 0, "percent_statements_covered": 100.0, "percent_statements_covered_display": "100"}, "missing_lines": [], "excluded_lines": [], "start_line": 57}, "ActionCache.get": {"executed_lines": [81, 82, 83, 84, 85, 86, 87, 88, 89, 90, 91, 92, 93, 94, 95, 96], "summary": {"covered_lines": 16, "num_statements": 16, "percent_covered": 100.0, "percent_covered_display": "100", "missing_lines": 0, "excluded_lines": 0, "percent_statements_covered": 100.0, "percent_statements_covered_display": "100"}, "missing_lines": [], "excluded_lines": [], "start_line": 79}, "ActionCache.put": {"executed_lines": [100, 101, 102, 103], "summary": {"covered_lines": 4, "num_statements": 4, "percent_covered": 100.0, "percent_covered_display": "100", "missing_lines": 0, "excluded_lines": 0, "percent_statements_covered": 100.0, "percent_statements_covered_display": "100"}, "missing_lines": [], "excluded_lines": [], "start_line": 98}, "ActionCache.invalidate_service": {"executed_lines": [107, 108, 109, 110, 111, 112], "summary": {"covered_lines": 6, "num_statements": 6, "percent_covered": 100.0, "percent_covered_display": "100", "missing_lines": 0, "excluded_lines": 0, "percent_statements_covered": 100.0, "percent_statements_covered_display": "100"}, "missing_lines": [], "excluded_lines": [], "start_line": 105}, "ActionCache.invalidate_entry": {"executed_lines": [123, 124, 125, 126, 132, 133, 134, 135], "summary": {"covered_lines": 8, "num_statements": 9, "percent_covered": 88.88888888888889, "percent_covered_display": "89", "missing_lines": 1, "excluded_lines": 0, "percent_statements_covered": 88.88888888888889, "percent_statements_covered_display": "89"}, "missing_lines": [136], "excluded_lines": [], "start_line": 114}, "ActionCache.clear": {"executed_lines": [140, 141, 142, 143, 144], "summary": {"covered_lines": 5, "num_statements": 5, "percent_covered": 100.0, "percent_covered_display": "100", "missing_lines": 0, "excluded_lines": 0, "percent_statements_covered": 100.0, "percent_statements_covered_display": "100"}, "missing_lines": [], "excluded_lines": [], "start_line": 138}, "ActionCache.size": {"executed_lines": [], "summary": {"covered_lines": 0, "num_statements": 3, "percent_covered": 0.0, "percent_covered_display": "0", "missing_lines": 3, "excluded_lines": 0, "percent_statements_covered": 0.0, "percent_statements_covered_display": "0"}, "missing_lines": [148, 149, 150], "excluded_lines": [], "start_line": 146}, "ActionCache.snapshot": {"executed_lines": [154, 155, 156, 168], "summary": {"covered_lines": 4, "num_statements": 4, "percent_covered": 100.0, "percent_covered_display": "100", "missing_lines": 0, "excluded_lines": 0, "percent_statements_covered": 100.0, "percent_statements_covered_display": "100"}, "missing_lines": [], "excluded_lines": [], "start_line": 152}, "ActionCache.should_cache": {"executed_lines": [178], "summary": {"covered_lines": 1, "num_statements": 1, "percent_covered": 100.0, "percent_covered_display": "100", "missing_lines": 0, "excluded_lines": 0, "percent_statements_covered": 100.0, "percent_statements_covered_display": "100"}, "missing_lines": [], "excluded_lines": [], "start_line": 176}, "ActionCache._purge_expired": {"executed_lines": [181, 182, 183, 184, 186], "summary": {"covered_lines": 5, "num_statements": 8, "percent_covered": 62.5, "percent_covered_display": "62", "missing_lines": 3, "excluded_lines": 0, "percent_statements_covered": 62.5, "percent_statements_covered_display": "62"}, "missing_lines": [185, 187, 188], "excluded_lines": [], "start_line": 180}, "ActionCache._record_event": {"executed_lines": [191, 192], "summary": {"covered_lines": 2, "num_statements": 2, "percent_covered": 100.0, "percent_covered_display": "100", "missing_lines": 0, "excluded_lines": 0, "percent_statements_covered": 100.0, "percent_statements_covered_display": "100"}, "missing_lines": [], "excluded_lines": [], "start_line": 190}, "": {"executed_lines": [3, 5, 6, 7, 8, 9, 11, 12, 13, 15, 18, 19, 22, 23, 24, 25, 26, 27, 28, 29, 32, 33, 34, 35, 38, 41, 57, 79, 98, 105, 114, 138, 146, 152, 176, 180, 190], "summary": {"covered_lines": 37, "num_statements": 37, "percent_covered": 100.0, "percent_covered_display": "100", "missing_lines": 0, "excluded_lines": 0, "percent_statements_covered": 100.0, "percent_statements_covered_display": "100"}, "missing_lines": [], "excluded_lines": [], "start_line": 1}}, "classes": {"CacheKey": {"executed_lines": [], "summary": {"covered_lines": 0, "num_statements": 0, "percent_covered": 100.0, "percent_covered_display": "100", "missing_lines": 0, "excluded_lines": 0, "percent_statements_covered": 100.0, "percent_statements_covered_display": "100"}, "missing_lines": [], "excluded_lines": [], "start_line": 19}, "_CacheEntry": {"executed_lines": [], "summary": {"covered_lines": 0, "num_statements": 0, "percent_covered": 100.0, "percent_covered_display": "100", "missing_lines": 0, "excluded_lines": 0, "percent_statements_covered": 100.0, "percent_statements_covered_display": "100"}, "missing_lines": [], "excluded_lines": [], "start_line": 33}, "ActionCache": {"executed_lines": [42, 43, 44, 45, 46, 55, 68, 81, 82, 83, 84, 85, 86, 87, 88, 89, 90, 91, 92, 93, 94, 95, 96, 100, 101, 102, 103, 107, 108, 109, 110, 111, 112, 123, 124, 125, 126, 132, 133, 134, 135, 140, 141, 142, 143, 144, 154, 155, 156, 168, 178, 181, 182, 183, 184, 186, 191, 192], "summary": {"covered_lines": 58, "num_statements": 65, "percent_covered": 89.23076923076923, "percent_covered_display": "89", "missing_lines": 7, "excluded_lines": 0, "percent_statements_covered": 89.23076923076923, "percent_statements_covered_display": "89"}, "missing_lines": [136, 148, 149, 150, 185, 187, 188], "excluded_lines": [], "start_line": 38}, "": {"executed_lines": [3, 5, 6, 7, 8, 9, 11, 12, 13, 15, 18, 19, 22, 23, 24, 25, 26, 27, 28, 29, 32, 33, 34, 35, 38, 41, 57, 79, 98, 105, 114, 138, 146, 152, 176, 180, 190], "summary": {"covered_lines": 37, "num_statements": 37, "percent_covered": 100.0, "percent_covered_display": "100", "missing_lines": 0, "excluded_lines": 0, "percent_statements_covered": 100.0, "percent_statements_covered_display": "100"}, "missing_lines": [], "excluded_lines": [], "start_line": 1}}}, "gui4aws\\execution\\action_history.py": {"executed_lines": [3, 5, 6, 7, 8, 9, 11, 13, 16, 17, 20, 21, 22, 23, 24, 25, 26, 27, 28, 29, 30, 31, 32, 34, 36, 53, 54, 57, 58, 60, 62, 63, 64, 66, 68, 70, 72, 73, 74, 75, 76, 77, 78, 79, 80, 81, 82, 83, 85, 91, 92, 99, 100, 101, 102, 103, 104, 106, 107, 108, 109, 113, 115, 117, 120, 122, 123, 124, 125, 126, 127, 128, 129, 130, 131, 132, 135, 136, 137], "summary": {"covered_lines": 79, "num_statements": 81, "percent_covered": 97.53086419753086, "percent_covered_display": "98", "missing_lines": 2, "excluded_lines": 1, "percent_statements_covered": 97.53086419753086, "percent_statements_covered_display": "98"}, "missing_lines": [111, 134], "excluded_lines": [112], "functions": {"ActionHistoryEntry.to_dict": {"executed_lines": [36], "summary": {"covered_lines": 1, "num_statements": 1, "percent_covered": 100.0, "percent_covered_display": "100", "missing_lines": 0, "excluded_lines": 0, "percent_statements_covered": 100.0, "percent_statements_covered_display": "100"}, "missing_lines": [], "excluded_lines": [], "start_line": 34}, "ActionHistory.add": {"executed_lines": [62, 63, 64], "summary": {"covered_lines": 3, "num_statements": 3, "percent_covered": 100.0, "percent_covered_display": "100", "missing_lines": 0, "excluded_lines": 0, "percent_statements_covered": 100.0, "percent_statements_covered_display": "100"}, "missing_lines": [], "excluded_lines": [], "start_line": 60}, "ActionHistory.latest": {"executed_lines": [68], "summary": {"covered_lines": 1, "num_statements": 1, "percent_covered": 100.0, "percent_covered_display": "100", "missing_lines": 0, "excluded_lines": 0, "percent_statements_covered": 100.0, "percent_statements_covered_display": "100"}, "missing_lines": [], "excluded_lines": [], "start_line": 66}, "ActionHistory.export_bash": {"executed_lines": [72, 73, 74, 75, 76, 77, 78, 79, 80, 81, 82, 83], "summary": {"covered_lines": 12, "num_statements": 12, "percent_covered": 100.0, "percent_covered_display": "100", "missing_lines": 0, "excluded_lines": 0, "percent_statements_covered": 100.0, "percent_statements_covered_display": "100"}, "missing_lines": [], "excluded_lines": [], "start_line": 70}, "ActionHistory.export_python": {"executed_lines": [91, 92, 99, 100, 101, 102, 103, 104, 106, 107, 108, 109, 113], "summary": {"covered_lines": 13, "num_statements": 14, "percent_covered": 92.85714285714286, "percent_covered_display": "93", "missing_lines": 1, "excluded_lines": 1, "percent_statements_covered": 92.85714285714286, "percent_statements_covered_display": "93"}, "missing_lines": [111], "excluded_lines": [112], "start_line": 85}, "ActionHistory.export_json": {"executed_lines": [117], "summary": {"covered_lines": 1, "num_statements": 1, "percent_covered": 100.0, "percent_covered_display": "100", "missing_lines": 0, "excluded_lines": 0, "percent_statements_covered": 100.0, "percent_statements_covered_display": "100"}, "missing_lines": [], "excluded_lines": [], "start_line": 115}, "indent_inside_main": {"executed_lines": [122, 123, 124, 125, 126, 127, 128, 129, 130, 131, 132, 135, 136, 137], "summary": {"covered_lines": 14, "num_statements": 15, "percent_covered": 93.33333333333333, "percent_covered_display": "93", "missing_lines": 1, "excluded_lines": 0, "percent_statements_covered": 93.33333333333333, "percent_statements_covered_display": "93"}, "missing_lines": [134], "excluded_lines": [], "start_line": 120}, "": {"executed_lines": [3, 5, 6, 7, 8, 9, 11, 13, 16, 17, 20, 21, 22, 23, 24, 25, 26, 27, 28, 29, 30, 31, 32, 34, 53, 54, 57, 58, 60, 66, 70, 85, 115, 120], "summary": {"covered_lines": 34, "num_statements": 34, "percent_covered": 100.0, "percent_covered_display": "100", "missing_lines": 0, "excluded_lines": 0, "percent_statements_covered": 100.0, "percent_statements_covered_display": "100"}, "missing_lines": [], "excluded_lines": [], "start_line": 1}}, "classes": {"ActionHistoryEntry": {"executed_lines": [36], "summary": {"covered_lines": 1, "num_statements": 1, "percent_covered": 100.0, "percent_covered_display": "100", "missing_lines": 0, "excluded_lines": 0, "percent_statements_covered": 100.0, "percent_statements_covered_display": "100"}, "missing_lines": [], "excluded_lines": [], "start_line": 17}, "ActionHistory": {"executed_lines": [62, 63, 64, 68, 72, 73, 74, 75, 76, 77, 78, 79, 80, 81, 82, 83, 91, 92, 99, 100, 101, 102, 103, 104, 106, 107, 108, 109, 113, 117], "summary": {"covered_lines": 30, "num_statements": 31, "percent_covered": 96.7741935483871, "percent_covered_display": "97", "missing_lines": 1, "excluded_lines": 1, "percent_statements_covered": 96.7741935483871, "percent_statements_covered_display": "97"}, "missing_lines": [111], "excluded_lines": [112], "start_line": 54}, "": {"executed_lines": [3, 5, 6, 7, 8, 9, 11, 13, 16, 17, 20, 21, 22, 23, 24, 25, 26, 27, 28, 29, 30, 31, 32, 34, 53, 54, 57, 58, 60, 66, 70, 85, 115, 120, 122, 123, 124, 125, 126, 127, 128, 129, 130, 131, 132, 135, 136, 137], "summary": {"covered_lines": 48, "num_statements": 49, "percent_covered": 97.95918367346938, "percent_covered_display": "98", "missing_lines": 1, "excluded_lines": 0, "percent_statements_covered": 97.95918367346938, "percent_statements_covered_display": "98"}, "missing_lines": [134], "excluded_lines": [], "start_line": 1}}}, "gui4aws\\execution\\aws_cli_executor.py": {"executed_lines": [3, 5, 6, 7, 8, 9, 10, 11, 12, 14, 15, 17, 19, 22, 23, 26, 27, 28, 29, 30, 31, 32, 35, 36, 39, 40, 41, 42, 43, 44, 45, 48, 51, 63, 105, 172, 181, 183, 184, 185, 189, 190], "summary": {"covered_lines": 42, "num_statements": 105, "percent_covered": 40.0, "percent_covered_display": "40", "missing_lines": 63, "excluded_lines": 0, "percent_statements_covered": 40.0, "percent_statements_covered_display": "40"}, "missing_lines": [58, 59, 60, 61, 69, 70, 71, 72, 73, 74, 75, 76, 77, 79, 80, 81, 83, 84, 85, 86, 87, 88, 89, 90, 91, 92, 93, 95, 96, 97, 98, 99, 100, 102, 103, 111, 112, 113, 114, 115, 122, 123, 124, 133, 134, 135, 144, 145, 146, 155, 156, 157, 158, 159, 160, 161, 174, 175, 176, 177, 178, 186, 187], "excluded_lines": [], "functions": {"AwsCliExecutor.__init__": {"executed_lines": [], "summary": {"covered_lines": 0, "num_statements": 4, "percent_covered": 0.0, "percent_covered_display": "0", "missing_lines": 4, "excluded_lines": 0, "percent_statements_covered": 0.0, "percent_statements_covered_display": "0"}, "missing_lines": [58, 59, 60, 61], "excluded_lines": [], "start_line": 51}, "AwsCliExecutor.build_argv": {"executed_lines": [], "summary": {"covered_lines": 0, "num_statements": 31, "percent_covered": 0.0, "percent_covered_display": "0", "missing_lines": 31, "excluded_lines": 0, "percent_statements_covered": 0.0, "percent_statements_covered_display": "0"}, "missing_lines": [69, 70, 71, 72, 73, 74, 75, 76, 77, 79, 80, 81, 83, 84, 85, 86, 87, 88, 89, 90, 91, 92, 93, 95, 96, 97, 98, 99, 100, 102, 103], "excluded_lines": [], "start_line": 63}, "AwsCliExecutor.execute": {"executed_lines": [], "summary": {"covered_lines": 0, "num_statements": 21, "percent_covered": 0.0, "percent_covered_display": "0", "missing_lines": 21, "excluded_lines": 0, "percent_statements_covered": 0.0, "percent_statements_covered_display": "0"}, "missing_lines": [111, 112, 113, 114, 115, 122, 123, 124, 133, 134, 135, 144, 145, 146, 155, 156, 157, 158, 159, 160, 161], "excluded_lines": [], "start_line": 105}, "parse_aws_cli_error": {"executed_lines": [], "summary": {"covered_lines": 0, "num_statements": 5, "percent_covered": 0.0, "percent_covered_display": "0", "missing_lines": 5, "excluded_lines": 0, "percent_statements_covered": 0.0, "percent_statements_covered_display": "0"}, "missing_lines": [174, 175, 176, 177, 178], "excluded_lines": [], "start_line": 172}, "quote_for_shell": {"executed_lines": [183, 184, 185, 189, 190], "summary": {"covered_lines": 5, "num_statements": 7, "percent_covered": 71.42857142857143, "percent_covered_display": "71", "missing_lines": 2, "excluded_lines": 0, "percent_statements_covered": 71.42857142857143, "percent_statements_covered_display": "71"}, "missing_lines": [186, 187], "excluded_lines": [], "start_line": 181}, "": {"executed_lines": [3, 5, 6, 7, 8, 9, 10, 11, 12, 14, 15, 17, 19, 22, 23, 26, 27, 28, 29, 30, 31, 32, 35, 36, 39, 40, 41, 42, 43, 44, 45, 48, 51, 63, 105, 172, 181], "summary": {"covered_lines": 37, "num_statements": 37, "percent_covered": 100.0, "percent_covered_display": "100", "missing_lines": 0, "excluded_lines": 0, "percent_statements_covered": 100.0, "percent_statements_covered_display": "100"}, "missing_lines": [], "excluded_lines": [], "start_line": 1}}, "classes": {"AwsCliResult": {"executed_lines": [], "summary": {"covered_lines": 0, "num_statements": 0, "percent_covered": 100.0, "percent_covered_display": "100", "missing_lines": 0, "excluded_lines": 0, "percent_statements_covered": 100.0, "percent_statements_covered_display": "100"}, "missing_lines": [], "excluded_lines": [], "start_line": 23}, "AwsCliFailure": {"executed_lines": [], "summary": {"covered_lines": 0, "num_statements": 0, "percent_covered": 100.0, "percent_covered_display": "100", "missing_lines": 0, "excluded_lines": 0, "percent_statements_covered": 100.0, "percent_statements_covered_display": "100"}, "missing_lines": [], "excluded_lines": [], "start_line": 36}, "AwsCliExecutor": {"executed_lines": [], "summary": {"covered_lines": 0, "num_statements": 56, "percent_covered": 0.0, "percent_covered_display": "0", "missing_lines": 56, "excluded_lines": 0, "percent_statements_covered": 0.0, "percent_statements_covered_display": "0"}, "missing_lines": [58, 59, 60, 61, 69, 70, 71, 72, 73, 74, 75, 76, 77, 79, 80, 81, 83, 84, 85, 86, 87, 88, 89, 90, 91, 92, 93, 95, 96, 97, 98, 99, 100, 102, 103, 111, 112, 113, 114, 115, 122, 123, 124, 133, 134, 135, 144, 145, 146, 155, 156, 157, 158, 159, 160, 161], "excluded_lines": [], "start_line": 48}, "": {"executed_lines": [3, 5, 6, 7, 8, 9, 10, 11, 12, 14, 15, 17, 19, 22, 23, 26, 27, 28, 29, 30, 31, 32, 35, 36, 39, 40, 41, 42, 43, 44, 45, 48, 51, 63, 105, 172, 181, 183, 184, 185, 189, 190], "summary": {"covered_lines": 42, "num_statements": 49, "percent_covered": 85.71428571428571, "percent_covered_display": "86", "missing_lines": 7, "excluded_lines": 0, "percent_statements_covered": 85.71428571428571, "percent_statements_covered_display": "86"}, "missing_lines": [174, 175, 176, 177, 178, 186, 187], "excluded_lines": [], "start_line": 1}}}, "gui4aws\\execution\\boto3_executor.py": {"executed_lines": [3, 5, 6, 7, 8, 9, 11, 12, 13, 15, 16, 23, 29, 31, 34, 35, 38, 39, 40, 41, 42, 43, 46, 47, 50, 51, 52, 53, 54, 55, 56, 57, 60, 67, 73, 74, 75, 77, 79, 81, 83, 85, 86, 87, 88, 94, 95, 96, 97, 99, 105, 106, 107, 108, 109, 110, 111, 112, 113, 114, 115, 117, 123, 124, 125, 133, 134, 135, 136, 137, 138, 139, 147, 148, 149, 150, 174, 176, 177, 178, 180, 182, 184], "summary": {"covered_lines": 83, "num_statements": 90, "percent_covered": 92.22222222222223, "percent_covered_display": "92", "missing_lines": 7, "excluded_lines": 0, "percent_statements_covered": 92.22222222222223, "percent_statements_covered_display": "92"}, "missing_lines": [80, 160, 161, 162, 179, 181, 183], "excluded_lines": [], "functions": {"Boto3Executor.__init__": {"executed_lines": [73, 74, 75], "summary": {"covered_lines": 3, "num_statements": 3, "percent_covered": 100.0, "percent_covered_display": "100", "missing_lines": 0, "excluded_lines": 0, "percent_statements_covered": 100.0, "percent_statements_covered_display": "100"}, "missing_lines": [], "excluded_lines": [], "start_line": 67}, "Boto3Executor.build_session": {"executed_lines": [79, 81], "summary": {"covered_lines": 2, "num_statements": 3, "percent_covered": 66.66666666666667, "percent_covered_display": "67", "missing_lines": 1, "excluded_lines": 0, "percent_statements_covered": 66.66666666666667, "percent_statements_covered_display": "67"}, "missing_lines": [80], "excluded_lines": [], "start_line": 77}, "Boto3Executor.build_client": {"executed_lines": [85, 86, 87, 88, 94, 95, 96, 97], "summary": {"covered_lines": 8, "num_statements": 8, "percent_covered": 100.0, "percent_covered_display": "100", "missing_lines": 0, "excluded_lines": 0, "percent_statements_covered": 100.0, "percent_statements_covered_display": "100"}, "missing_lines": [], "excluded_lines": [], "start_line": 83}, "Boto3Executor.render_params": {"executed_lines": [105, 106, 107, 108, 109, 110, 111, 112, 113, 114, 115], "summary": {"covered_lines": 11, "num_statements": 11, "percent_covered": 100.0, "percent_covered_display": "100", "missing_lines": 0, "excluded_lines": 0, "percent_statements_covered": 100.0, "percent_statements_covered_display": "100"}, "missing_lines": [], "excluded_lines": [], "start_line": 99}, "Boto3Executor.execute": {"executed_lines": [123, 124, 125, 133, 134, 135, 136, 137, 138, 139, 147, 148, 149, 150], "summary": {"covered_lines": 14, "num_statements": 17, "percent_covered": 82.3529411764706, "percent_covered_display": "82", "missing_lines": 3, "excluded_lines": 0, "percent_statements_covered": 82.3529411764706, "percent_statements_covered_display": "82"}, "missing_lines": [160, 161, 162], "excluded_lines": [], "start_line": 117}, "coerce_value": {"executed_lines": [176, 177, 178, 180, 182, 184], "summary": {"covered_lines": 6, "num_statements": 9, "percent_covered": 66.66666666666667, "percent_covered_display": "67", "missing_lines": 3, "excluded_lines": 0, "percent_statements_covered": 66.66666666666667, "percent_statements_covered_display": "67"}, "missing_lines": [179, 181, 183], "excluded_lines": [], "start_line": 174}, "": {"executed_lines": [3, 5, 6, 7, 8, 9, 11, 12, 13, 15, 16, 23, 29, 31, 34, 35, 38, 39, 40, 41, 42, 43, 46, 47, 50, 51, 52, 53, 54, 55, 56, 57, 60, 67, 77, 83, 99, 117, 174], "summary": {"covered_lines": 39, "num_statements": 39, "percent_covered": 100.0, "percent_covered_display": "100", "missing_lines": 0, "excluded_lines": 0, "percent_statements_covered": 100.0, "percent_statements_covered_display": "100"}, "missing_lines": [], "excluded_lines": [], "start_line": 1}}, "classes": {"Boto3Result": {"executed_lines": [], "summary": {"covered_lines": 0, "num_statements": 0, "percent_covered": 100.0, "percent_covered_display": "100", "missing_lines": 0, "excluded_lines": 0, "percent_statements_covered": 100.0, "percent_statements_covered_display": "100"}, "missing_lines": [], "excluded_lines": [], "start_line": 35}, "Boto3Failure": {"executed_lines": [], "summary": {"covered_lines": 0, "num_statements": 0, "percent_covered": 100.0, "percent_covered_display": "100", "missing_lines": 0, "excluded_lines": 0, "percent_statements_covered": 100.0, "percent_statements_covered_display": "100"}, "missing_lines": [], "excluded_lines": [], "start_line": 47}, "Boto3Executor": {"executed_lines": [73, 74, 75, 79, 81, 85, 86, 87, 88, 94, 95, 96, 97, 105, 106, 107, 108, 109, 110, 111, 112, 113, 114, 115, 123, 124, 125, 133, 134, 135, 136, 137, 138, 139, 147, 148, 149, 150], "summary": {"covered_lines": 38, "num_statements": 42, "percent_covered": 90.47619047619048, "percent_covered_display": "90", "missing_lines": 4, "excluded_lines": 0, "percent_statements_covered": 90.47619047619048, "percent_statements_covered_display": "90"}, "missing_lines": [80, 160, 161, 162], "excluded_lines": [], "start_line": 60}, "": {"executed_lines": [3, 5, 6, 7, 8, 9, 11, 12, 13, 15, 16, 23, 29, 31, 34, 35, 38, 39, 40, 41, 42, 43, 46, 47, 50, 51, 52, 53, 54, 55, 56, 57, 60, 67, 77, 83, 99, 117, 174, 176, 177, 178, 180, 182, 184], "summary": {"covered_lines": 45, "num_statements": 48, "percent_covered": 93.75, "percent_covered_display": "94", "missing_lines": 3, "excluded_lines": 0, "percent_statements_covered": 93.75, "percent_statements_covered_display": "94"}, "missing_lines": [179, 181, 183], "excluded_lines": [], "start_line": 1}}}, "gui4aws\\execution\\endpoint_config.py": {"executed_lines": [3, 5, 6, 8, 11, 14, 15, 16, 17, 18, 21, 22, 32, 33, 35, 37, 38, 39, 40, 41, 42, 43, 44, 47, 48, 50, 51, 52], "summary": {"covered_lines": 28, "num_statements": 29, "percent_covered": 96.55172413793103, "percent_covered_display": "97", "missing_lines": 1, "excluded_lines": 0, "percent_statements_covered": 96.55172413793103, "percent_statements_covered_display": "97"}, "missing_lines": [45], "excluded_lines": [], "functions": {"EndpointConfig.resolved_url": {"executed_lines": [37, 38, 39, 40, 41, 42, 43, 44], "summary": {"covered_lines": 8, "num_statements": 9, "percent_covered": 88.88888888888889, "percent_covered_display": "89", "missing_lines": 1, "excluded_lines": 0, "percent_statements_covered": 88.88888888888889, "percent_statements_covered_display": "89"}, "missing_lines": [45], "excluded_lines": [], "start_line": 35}, "EndpointConfig.for_mode": {"executed_lines": [50, 51, 52], "summary": {"covered_lines": 3, "num_statements": 3, "percent_covered": 100.0, "percent_covered_display": "100", "missing_lines": 0, "excluded_lines": 0, "percent_statements_covered": 100.0, "percent_statements_covered_display": "100"}, "missing_lines": [], "excluded_lines": [], "start_line": 48}, "": {"executed_lines": [3, 5, 6, 8, 11, 14, 15, 16, 17, 18, 21, 22, 32, 33, 35, 47, 48], "summary": {"covered_lines": 17, "num_statements": 17, "percent_covered": 100.0, "percent_covered_display": "100", "missing_lines": 0, "excluded_lines": 0, "percent_statements_covered": 100.0, "percent_statements_covered_display": "100"}, "missing_lines": [], "excluded_lines": [], "start_line": 1}}, "classes": {"EndpointMode": {"executed_lines": [], "summary": {"covered_lines": 0, "num_statements": 0, "percent_covered": 100.0, "percent_covered_display": "100", "missing_lines": 0, "excluded_lines": 0, "percent_statements_covered": 100.0, "percent_statements_covered_display": "100"}, "missing_lines": [], "excluded_lines": [], "start_line": 11}, "EndpointConfig": {"executed_lines": [37, 38, 39, 40, 41, 42, 43, 44, 50, 51, 52], "summary": {"covered_lines": 11, "num_statements": 12, "percent_covered": 91.66666666666667, "percent_covered_display": "92", "missing_lines": 1, "excluded_lines": 0, "percent_statements_covered": 91.66666666666667, "percent_statements_covered_display": "92"}, "missing_lines": [45], "excluded_lines": [], "start_line": 22}, "": {"executed_lines": [3, 5, 6, 8, 11, 14, 15, 16, 17, 18, 21, 22, 32, 33, 35, 47, 48], "summary": {"covered_lines": 17, "num_statements": 17, "percent_covered": 100.0, "percent_covered_display": "100", "missing_lines": 0, "excluded_lines": 0, "percent_statements_covered": 100.0, "percent_statements_covered_display": "100"}, "missing_lines": [], "excluded_lines": [], "start_line": 1}}}, "gui4aws\\execution\\execution_mode.py": {"executed_lines": [3, 5, 7, 10, 13, 14], "summary": {"covered_lines": 6, "num_statements": 6, "percent_covered": 100.0, "percent_covered_display": "100", "missing_lines": 0, "excluded_lines": 0, "percent_statements_covered": 100.0, "percent_statements_covered_display": "100"}, "missing_lines": [], "excluded_lines": [], "functions": {"": {"executed_lines": [3, 5, 7, 10, 13, 14], "summary": {"covered_lines": 6, "num_statements": 6, "percent_covered": 100.0, "percent_covered_display": "100", "missing_lines": 0, "excluded_lines": 0, "percent_statements_covered": 100.0, "percent_statements_covered_display": "100"}, "missing_lines": [], "excluded_lines": [], "start_line": 1}}, "classes": {"ExecutionMode": {"executed_lines": [], "summary": {"covered_lines": 0, "num_statements": 0, "percent_covered": 100.0, "percent_covered_display": "100", "missing_lines": 0, "excluded_lines": 0, "percent_statements_covered": 100.0, "percent_statements_covered_display": "100"}, "missing_lines": [], "excluded_lines": [], "start_line": 10}, "": {"executed_lines": [3, 5, 7, 10, 13, 14], "summary": {"covered_lines": 6, "num_statements": 6, "percent_covered": 100.0, "percent_covered_display": "100", "missing_lines": 0, "excluded_lines": 0, "percent_statements_covered": 100.0, "percent_statements_covered_display": "100"}, "missing_lines": [], "excluded_lines": [], "start_line": 1}}}, "gui4aws\\execution\\script_generator.py": {"executed_lines": [10, 12, 14, 15, 16, 17, 19, 22, 31, 32, 33, 34, 35, 36, 37, 38, 40, 41, 43, 44, 45, 46, 47, 66, 67, 68, 69, 70, 71, 72, 74, 75, 78, 79, 81, 82, 83, 84, 85, 86, 87, 90, 91, 94, 103, 104, 105, 107, 108, 109, 110, 111, 112, 113, 115, 116, 117, 118, 120, 130, 131, 133, 135, 136, 137, 138, 139, 141, 152], "summary": {"covered_lines": 69, "num_statements": 83, "percent_covered": 83.13253012048193, "percent_covered_display": "83", "missing_lines": 14, "excluded_lines": 1, "percent_statements_covered": 83.13253012048193, "percent_statements_covered_display": "83"}, "missing_lines": [48, 49, 50, 51, 52, 53, 55, 56, 57, 58, 59, 60, 62, 89], "excluded_lines": [142], "functions": {"generate_cli_script": {"executed_lines": [31, 32, 33, 34, 35, 36, 37, 38, 40, 41, 43, 44, 45, 46, 47, 66, 67, 68, 69, 70, 71, 72, 74, 75, 78, 79, 81, 82, 83, 84, 85, 86, 87, 90, 91], "summary": {"covered_lines": 35, "num_statements": 49, "percent_covered": 71.42857142857143, "percent_covered_display": "71", "missing_lines": 14, "excluded_lines": 0, "percent_statements_covered": 71.42857142857143, "percent_statements_covered_display": "71"}, "missing_lines": [48, 49, 50, 51, 52, 53, 55, 56, 57, 58, 59, 60, 62, 89], "excluded_lines": [], "start_line": 22}, "generate_python_script": {"executed_lines": [103, 104, 105, 107, 108, 109, 110, 111, 112, 113, 115, 116, 117, 118, 120, 130, 131, 133, 135, 136, 137, 138, 139, 141, 152], "summary": {"covered_lines": 25, "num_statements": 25, "percent_covered": 100.0, "percent_covered_display": "100", "missing_lines": 0, "excluded_lines": 1, "percent_statements_covered": 100.0, "percent_statements_covered_display": "100"}, "missing_lines": [], "excluded_lines": [142], "start_line": 94}, "": {"executed_lines": [10, 12, 14, 15, 16, 17, 19, 22, 94], "summary": {"covered_lines": 9, "num_statements": 9, "percent_covered": 100.0, "percent_covered_display": "100", "missing_lines": 0, "excluded_lines": 0, "percent_statements_covered": 100.0, "percent_statements_covered_display": "100"}, "missing_lines": [], "excluded_lines": [], "start_line": 1}}, "classes": {"": {"executed_lines": [10, 12, 14, 15, 16, 17, 19, 22, 31, 32, 33, 34, 35, 36, 37, 38, 40, 41, 43, 44, 45, 46, 47, 66, 67, 68, 69, 70, 71, 72, 74, 75, 78, 79, 81, 82, 83, 84, 85, 86, 87, 90, 91, 94, 103, 104, 105, 107, 108, 109, 110, 111, 112, 113, 115, 116, 117, 118, 120, 130, 131, 133, 135, 136, 137, 138, 139, 141, 152], "summary": {"covered_lines": 69, "num_statements": 83, "percent_covered": 83.13253012048193, "percent_covered_display": "83", "missing_lines": 14, "excluded_lines": 1, "percent_statements_covered": 83.13253012048193, "percent_statements_covered_display": "83"}, "missing_lines": [48, 49, 50, 51, 52, 53, 55, 56, 57, 58, 59, 60, 62, 89], "excluded_lines": [142], "start_line": 1}}}, "gui4aws\\gui\\__init__.py": {"executed_lines": [], "summary": {"covered_lines": 0, "num_statements": 0, "percent_covered": 100.0, "percent_covered_display": "100", "missing_lines": 0, "excluded_lines": 0, "percent_statements_covered": 100.0, "percent_statements_covered_display": "100"}, "missing_lines": [], "excluded_lines": [], "functions": {"": {"executed_lines": [], "summary": {"covered_lines": 0, "num_statements": 0, "percent_covered": 100.0, "percent_covered_display": "100", "missing_lines": 0, "excluded_lines": 0, "percent_statements_covered": 100.0, "percent_statements_covered_display": "100"}, "missing_lines": [], "excluded_lines": [], "start_line": 1}}, "classes": {"": {"executed_lines": [], "summary": {"covered_lines": 0, "num_statements": 0, "percent_covered": 100.0, "percent_covered_display": "100", "missing_lines": 0, "excluded_lines": 0, "percent_statements_covered": 100.0, "percent_statements_covered_display": "100"}, "missing_lines": [], "excluded_lines": [], "start_line": 1}}}, "gui4aws\\gui\\action_dialog.py": {"executed_lines": [3, 5, 6, 7, 8, 9, 10, 12, 13, 14, 16, 18, 21, 23, 24, 25, 26, 27, 29, 31, 32, 33, 34, 35, 36, 37, 40, 52, 61, 62, 63, 64, 65, 67, 68, 69, 70, 71, 74, 75, 78, 79, 82, 83, 84, 86, 87, 88, 89, 90, 92, 93, 94, 96, 97, 99, 102, 103, 105, 107, 110, 111, 122, 123, 124, 127, 128, 135, 138, 139, 140, 141, 142, 143, 144, 145, 147, 148, 149, 150, 151, 152, 153, 154, 155, 156, 158, 159, 160, 161, 162, 163, 164, 165, 166, 167, 169, 170, 171, 172, 174, 175, 178, 179, 180, 182, 183, 184, 185, 186, 187, 188, 189, 191, 194, 195, 200, 201, 203, 204, 206, 207, 208, 209, 211, 212, 214, 218, 219, 221, 222, 225, 226, 227, 229, 230, 231, 232, 233, 234, 236, 241, 248, 262, 267, 275, 283], "summary": {"covered_lines": 147, "num_statements": 188, "percent_covered": 78.19148936170212, "percent_covered_display": "78", "missing_lines": 41, "excluded_lines": 0, "percent_statements_covered": 78.19148936170212, "percent_statements_covered_display": "78"}, "missing_lines": [28, 30, 100, 112, 119, 220, 223, 224, 237, 238, 239, 242, 243, 244, 249, 250, 251, 252, 253, 254, 255, 256, 257, 258, 259, 260, 263, 269, 270, 271, 272, 273, 277, 278, 279, 280, 281, 284, 285, 286, 287], "excluded_lines": [], "functions": {"_size_and_center": {"executed_lines": [23, 24, 25, 26, 27, 29, 31, 32, 33, 34, 35, 36, 37], "summary": {"covered_lines": 13, "num_statements": 15, "percent_covered": 86.66666666666667, "percent_covered_display": "87", "missing_lines": 2, "excluded_lines": 0, "percent_statements_covered": 86.66666666666667, "percent_statements_covered_display": "87"}, "missing_lines": [28, 30], "excluded_lines": [], "start_line": 21}, "ActionDialog.__init__": {"executed_lines": [61, 62, 63, 64, 65, 67, 68, 69, 70, 71, 74, 75, 78, 79, 82, 83, 84, 86, 87, 88, 89, 90, 92, 93, 94, 96, 99, 102, 103, 105, 107, 110, 111, 122, 123, 124, 127, 128, 135, 138, 139, 140, 141, 142, 143, 144, 145, 147, 148, 149, 150, 151, 152, 153, 154, 155, 156, 158, 159, 160, 161, 162, 163, 164, 165, 166, 167, 169, 170, 171, 172, 174, 175, 178, 179, 180, 182, 183, 184, 185, 186, 187, 188, 189, 191, 194, 195, 200, 201, 203, 204, 206, 207, 208, 209, 211, 212, 214], "summary": {"covered_lines": 98, "num_statements": 100, "percent_covered": 98.0, "percent_covered_display": "98", "missing_lines": 2, "excluded_lines": 0, "percent_statements_covered": 98.0, "percent_statements_covered_display": "98"}, "missing_lines": [112, 119], "excluded_lines": [], "start_line": 52}, "ActionDialog.__init__._sync_scroll": {"executed_lines": [97], "summary": {"covered_lines": 1, "num_statements": 1, "percent_covered": 100.0, "percent_covered_display": "100", "missing_lines": 0, "excluded_lines": 0, "percent_statements_covered": 100.0, "percent_statements_covered_display": "100"}, "missing_lines": [], "excluded_lines": [], "start_line": 96}, "ActionDialog.__init__._stretch": {"executed_lines": [], "summary": {"covered_lines": 0, "num_statements": 1, "percent_covered": 0.0, "percent_covered_display": "0", "missing_lines": 1, "excluded_lines": 0, "percent_statements_covered": 0.0, "percent_statements_covered_display": "0"}, "missing_lines": [100], "excluded_lines": [], "start_line": 99}, "ActionDialog._refresh_scripts": {"executed_lines": [219, 221, 222, 225, 226, 227], "summary": {"covered_lines": 6, "num_statements": 9, "percent_covered": 66.66666666666667, "percent_covered_display": "67", "missing_lines": 3, "excluded_lines": 0, "percent_statements_covered": 66.66666666666667, "percent_statements_covered_display": "67"}, "missing_lines": [220, 223, 224], "excluded_lines": [], "start_line": 218}, "ActionDialog._set_text": {"executed_lines": [231, 232, 233, 234], "summary": {"covered_lines": 4, "num_statements": 4, "percent_covered": 100.0, "percent_covered_display": "100", "missing_lines": 0, "excluded_lines": 0, "percent_statements_covered": 100.0, "percent_statements_covered_display": "100"}, "missing_lines": [], "excluded_lines": [], "start_line": 230}, "ActionDialog._copy_cli": {"executed_lines": [], "summary": {"covered_lines": 0, "num_statements": 3, "percent_covered": 0.0, "percent_covered_display": "0", "missing_lines": 3, "excluded_lines": 0, "percent_statements_covered": 0.0, "percent_statements_covered_display": "0"}, "missing_lines": [237, 238, 239], "excluded_lines": [], "start_line": 236}, "ActionDialog._copy_python": {"executed_lines": [], "summary": {"covered_lines": 0, "num_statements": 3, "percent_covered": 0.0, "percent_covered_display": "0", "missing_lines": 3, "excluded_lines": 0, "percent_statements_covered": 0.0, "percent_statements_covered_display": "0"}, "missing_lines": [242, 243, 244], "excluded_lines": [], "start_line": 241}, "ActionDialog._on_run": {"executed_lines": [], "summary": {"covered_lines": 0, "num_statements": 12, "percent_covered": 0.0, "percent_covered_display": "0", "missing_lines": 12, "excluded_lines": 0, "percent_statements_covered": 0.0, "percent_statements_covered_display": "0"}, "missing_lines": [249, 250, 251, 252, 253, 254, 255, 256, 257, 258, 259, 260], "excluded_lines": [], "start_line": 248}, "ActionDialog._on_cancel": {"executed_lines": [], "summary": {"covered_lines": 0, "num_statements": 1, "percent_covered": 0.0, "percent_covered_display": "0", "missing_lines": 1, "excluded_lines": 0, "percent_statements_covered": 0.0, "percent_statements_covered_display": "0"}, "missing_lines": [263], "excluded_lines": [], "start_line": 262}, "ActionDialog.set_status": {"executed_lines": [], "summary": {"covered_lines": 0, "num_statements": 5, "percent_covered": 0.0, "percent_covered_display": "0", "missing_lines": 5, "excluded_lines": 0, "percent_statements_covered": 0.0, "percent_statements_covered_display": "0"}, "missing_lines": [269, 270, 271, 272, 273], "excluded_lines": [], "start_line": 267}, "ActionDialog.set_result": {"executed_lines": [], "summary": {"covered_lines": 0, "num_statements": 5, "percent_covered": 0.0, "percent_covered_display": "0", "missing_lines": 5, "excluded_lines": 0, "percent_statements_covered": 0.0, "percent_statements_covered_display": "0"}, "missing_lines": [277, 278, 279, 280, 281], "excluded_lines": [], "start_line": 275}, "ActionDialog._set_result_text": {"executed_lines": [], "summary": {"covered_lines": 0, "num_statements": 4, "percent_covered": 0.0, "percent_covered_display": "0", "missing_lines": 4, "excluded_lines": 0, "percent_statements_covered": 0.0, "percent_statements_covered_display": "0"}, "missing_lines": [284, 285, 286, 287], "excluded_lines": [], "start_line": 283}, "": {"executed_lines": [3, 5, 6, 7, 8, 9, 10, 12, 13, 14, 16, 18, 21, 40, 52, 218, 229, 230, 236, 241, 248, 262, 267, 275, 283], "summary": {"covered_lines": 25, "num_statements": 25, "percent_covered": 100.0, "percent_covered_display": "100", "missing_lines": 0, "excluded_lines": 0, "percent_statements_covered": 100.0, "percent_statements_covered_display": "100"}, "missing_lines": [], "excluded_lines": [], "start_line": 1}}, "classes": {"ActionDialog": {"executed_lines": [61, 62, 63, 64, 65, 67, 68, 69, 70, 71, 74, 75, 78, 79, 82, 83, 84, 86, 87, 88, 89, 90, 92, 93, 94, 96, 97, 99, 102, 103, 105, 107, 110, 111, 122, 123, 124, 127, 128, 135, 138, 139, 140, 141, 142, 143, 144, 145, 147, 148, 149, 150, 151, 152, 153, 154, 155, 156, 158, 159, 160, 161, 162, 163, 164, 165, 166, 167, 169, 170, 171, 172, 174, 175, 178, 179, 180, 182, 183, 184, 185, 186, 187, 188, 189, 191, 194, 195, 200, 201, 203, 204, 206, 207, 208, 209, 211, 212, 214, 219, 221, 222, 225, 226, 227, 231, 232, 233, 234], "summary": {"covered_lines": 109, "num_statements": 148, "percent_covered": 73.64864864864865, "percent_covered_display": "74", "missing_lines": 39, "excluded_lines": 0, "percent_statements_covered": 73.64864864864865, "percent_statements_covered_display": "74"}, "missing_lines": [100, 112, 119, 220, 223, 224, 237, 238, 239, 242, 243, 244, 249, 250, 251, 252, 253, 254, 255, 256, 257, 258, 259, 260, 263, 269, 270, 271, 272, 273, 277, 278, 279, 280, 281, 284, 285, 286, 287], "excluded_lines": [], "start_line": 40}, "": {"executed_lines": [3, 5, 6, 7, 8, 9, 10, 12, 13, 14, 16, 18, 21, 23, 24, 25, 26, 27, 29, 31, 32, 33, 34, 35, 36, 37, 40, 52, 218, 229, 230, 236, 241, 248, 262, 267, 275, 283], "summary": {"covered_lines": 38, "num_statements": 40, "percent_covered": 95.0, "percent_covered_display": "95", "missing_lines": 2, "excluded_lines": 0, "percent_statements_covered": 95.0, "percent_statements_covered_display": "95"}, "missing_lines": [28, 30], "excluded_lines": [], "start_line": 1}}}, "gui4aws\\gui\\action_form.py": {"executed_lines": [3, 5, 6, 7, 8, 10, 12, 15, 23, 32, 33, 34, 35, 36, 38, 42, 43, 46, 47, 48, 49, 50, 53, 54, 55, 56, 57, 58, 59, 60, 61, 62, 64, 65, 66, 67, 68, 69, 73, 75, 77, 78, 79, 81, 83, 84, 85, 86, 87, 88, 90, 91, 94, 95, 96, 97, 98, 100], "summary": {"covered_lines": 58, "num_statements": 58, "percent_covered": 100.0, "percent_covered_display": "100", "missing_lines": 0, "excluded_lines": 0, "percent_statements_covered": 100.0, "percent_statements_covered_display": "100"}, "missing_lines": [], "excluded_lines": [], "functions": {"ActionForm.__init__": {"executed_lines": [32, 33, 34, 35, 36, 38, 42, 43, 46, 47, 48, 49, 50, 53, 54, 55, 56, 57, 58, 59, 60, 61, 62, 64, 65, 66, 67, 68, 69, 73], "summary": {"covered_lines": 30, "num_statements": 30, "percent_covered": 100.0, "percent_covered_display": "100", "missing_lines": 0, "excluded_lines": 0, "percent_statements_covered": 100.0, "percent_statements_covered_display": "100"}, "missing_lines": [], "excluded_lines": [], "start_line": 23}, "ActionForm.values": {"executed_lines": [77, 78, 79], "summary": {"covered_lines": 3, "num_statements": 3, "percent_covered": 100.0, "percent_covered_display": "100", "missing_lines": 0, "excluded_lines": 0, "percent_statements_covered": 100.0, "percent_statements_covered_display": "100"}, "missing_lines": [], "excluded_lines": [], "start_line": 75}, "ActionForm.validate": {"executed_lines": [83, 84, 85, 86, 87, 88], "summary": {"covered_lines": 6, "num_statements": 6, "percent_covered": 100.0, "percent_covered_display": "100", "missing_lines": 0, "excluded_lines": 0, "percent_statements_covered": 100.0, "percent_statements_covered_display": "100"}, "missing_lines": [], "excluded_lines": [], "start_line": 81}, "ActionForm._on_text_modified": {"executed_lines": [94, 100], "summary": {"covered_lines": 2, "num_statements": 2, "percent_covered": 100.0, "percent_covered_display": "100", "missing_lines": 0, "excluded_lines": 0, "percent_statements_covered": 100.0, "percent_statements_covered_display": "100"}, "missing_lines": [], "excluded_lines": [], "start_line": 91}, "ActionForm._on_text_modified.handle": {"executed_lines": [95, 96, 97, 98], "summary": {"covered_lines": 4, "num_statements": 4, "percent_covered": 100.0, "percent_covered_display": "100", "missing_lines": 0, "excluded_lines": 0, "percent_statements_covered": 100.0, "percent_statements_covered_display": "100"}, "missing_lines": [], "excluded_lines": [], "start_line": 94}, "": {"executed_lines": [3, 5, 6, 7, 8, 10, 12, 15, 23, 75, 81, 90, 91], "summary": {"covered_lines": 13, "num_statements": 13, "percent_covered": 100.0, "percent_covered_display": "100", "missing_lines": 0, "excluded_lines": 0, "percent_statements_covered": 100.0, "percent_statements_covered_display": "100"}, "missing_lines": [], "excluded_lines": [], "start_line": 1}}, "classes": {"ActionForm": {"executed_lines": [32, 33, 34, 35, 36, 38, 42, 43, 46, 47, 48, 49, 50, 53, 54, 55, 56, 57, 58, 59, 60, 61, 62, 64, 65, 66, 67, 68, 69, 73, 77, 78, 79, 83, 84, 85, 86, 87, 88, 94, 95, 96, 97, 98, 100], "summary": {"covered_lines": 45, "num_statements": 45, "percent_covered": 100.0, "percent_covered_display": "100", "missing_lines": 0, "excluded_lines": 0, "percent_statements_covered": 100.0, "percent_statements_covered_display": "100"}, "missing_lines": [], "excluded_lines": [], "start_line": 15}, "": {"executed_lines": [3, 5, 6, 7, 8, 10, 12, 15, 23, 75, 81, 90, 91], "summary": {"covered_lines": 13, "num_statements": 13, "percent_covered": 100.0, "percent_covered_display": "100", "missing_lines": 0, "excluded_lines": 0, "percent_statements_covered": 100.0, "percent_statements_covered_display": "100"}, "missing_lines": [], "excluded_lines": [], "start_line": 1}}}, "gui4aws\\gui\\cdk_dialog.py": {"executed_lines": [], "summary": {"covered_lines": 0, "num_statements": 309, "percent_covered": 0.0, "percent_covered_display": "0", "missing_lines": 309, "excluded_lines": 0, "percent_statements_covered": 0.0, "percent_statements_covered_display": "0"}, "missing_lines": [3, 5, 6, 7, 8, 9, 10, 11, 12, 14, 23, 180, 181, 184, 185, 186, 187, 188, 189, 190, 191, 192, 195, 204, 205, 206, 207, 208, 209, 210, 212, 213, 214, 215, 216, 217, 219, 220, 221, 225, 226, 227, 228, 229, 232, 233, 234, 235, 237, 240, 241, 242, 243, 244, 246, 249, 250, 251, 252, 253, 254, 255, 256, 257, 258, 260, 261, 262, 263, 264, 270, 271, 273, 275, 276, 277, 280, 281, 282, 283, 284, 285, 288, 289, 290, 291, 294, 295, 296, 297, 298, 300, 301, 302, 303, 304, 306, 307, 308, 310, 311, 313, 314, 316, 317, 320, 321, 322, 323, 324, 325, 326, 327, 328, 329, 332, 333, 336, 337, 338, 339, 340, 341, 342, 343, 344, 345, 346, 349, 350, 356, 357, 359, 360, 361, 362, 363, 364, 365, 367, 368, 369, 370, 372, 373, 374, 377, 379, 380, 382, 383, 385, 386, 387, 388, 389, 390, 391, 392, 393, 394, 396, 398, 399, 400, 401, 402, 404, 405, 409, 413, 414, 415, 417, 419, 421, 422, 423, 424, 425, 427, 428, 429, 430, 432, 433, 434, 436, 438, 440, 442, 444, 445, 446, 447, 448, 449, 451, 452, 453, 454, 455, 456, 457, 458, 459, 463, 464, 465, 466, 467, 468, 469, 470, 471, 472, 473, 474, 475, 476, 478, 479, 480, 481, 482, 483, 485, 486, 494, 495, 496, 497, 498, 499, 501, 502, 504, 505, 506, 507, 508, 509, 510, 512, 513, 514, 515, 516, 518, 519, 520, 521, 522, 523, 524, 526, 527, 528, 529, 530, 531, 532, 534, 535, 536, 537, 539, 540, 541, 543, 544, 545, 547, 548, 549, 550, 554, 555, 556, 557, 558, 560, 561, 562, 568, 569, 570, 571, 572, 573, 574, 575, 576, 578, 580, 581, 582, 583, 584, 588, 589, 594, 595, 597, 598, 599, 600, 602, 603], "excluded_lines": [], "functions": {"_size_and_center": {"executed_lines": [], "summary": {"covered_lines": 0, "num_statements": 8, "percent_covered": 0.0, "percent_covered_display": "0", "missing_lines": 8, "excluded_lines": 0, "percent_statements_covered": 0.0, "percent_statements_covered_display": "0"}, "missing_lines": [185, 186, 187, 188, 189, 190, 191, 192], "excluded_lines": [], "start_line": 184}, "CdkDialog.__init__": {"executed_lines": [], "summary": {"covered_lines": 0, "num_statements": 15, "percent_covered": 0.0, "percent_covered_display": "0", "missing_lines": 15, "excluded_lines": 0, "percent_statements_covered": 0.0, "percent_statements_covered_display": "0"}, "missing_lines": [205, 206, 207, 208, 209, 210, 212, 213, 214, 215, 216, 217, 219, 220, 221], "excluded_lines": [], "start_line": 204}, "CdkDialog._build_ui": {"executed_lines": [], "summary": {"covered_lines": 0, "num_statements": 25, "percent_covered": 0.0, "percent_covered_display": "0", "missing_lines": 25, "excluded_lines": 0, "percent_statements_covered": 0.0, "percent_statements_covered_display": "0"}, "missing_lines": [226, 227, 228, 229, 232, 233, 234, 235, 237, 240, 241, 242, 243, 244, 246, 249, 250, 251, 252, 253, 254, 255, 256, 257, 258], "excluded_lines": [], "start_line": 225}, "CdkDialog._build_sidebar": {"executed_lines": [], "summary": {"covered_lines": 0, "num_statements": 6, "percent_covered": 0.0, "percent_covered_display": "0", "missing_lines": 6, "excluded_lines": 0, "percent_statements_covered": 0.0, "percent_statements_covered_display": "0"}, "missing_lines": [261, 262, 263, 264, 270, 271], "excluded_lines": [], "start_line": 260}, "CdkDialog._build_center": {"executed_lines": [], "summary": {"covered_lines": 0, "num_statements": 55, "percent_covered": 0.0, "percent_covered_display": "0", "missing_lines": 55, "excluded_lines": 0, "percent_statements_covered": 0.0, "percent_statements_covered_display": "0"}, "missing_lines": [275, 276, 277, 280, 281, 282, 283, 284, 
[...]
ered": 100.0, "percent_covered_display": "100", "missing_lines": 0, "excluded_lines": 0, "percent_statements_covered": 100.0, "percent_statements_covered_display": "100"}, "missing_lines": [], "excluded_lines": [], "start_line": 8}, "SubscriptionSummary": {"executed_lines": [], "summary": {"covered_lines": 0, "num_statements": 0, "percent_covered": 100.0, "percent_covered_display": "100", "missing_lines": 0, "excluded_lines": 0, "percent_statements_covered": 100.0, "percent_statements_covered_display": "100"}, "missing_lines": [], "excluded_lines": [], "start_line": 13}, "": {"executed_lines": [2, 3, 5, 7, 8, 9, 10, 12, 13, 14, 15, 16, 17, 18, 19], "summary": {"covered_lines": 15, "num_statements": 15, "percent_covered": 100.0, "percent_covered_display": "100", "missing_lines": 0, "excluded_lines": 0, "percent_statements_covered": 100.0, "percent_statements_covered_display": "100"}, "missing_lines": [], "excluded_lines": [], "start_line": 1}}}, "gui4aws\\services\\sns\\service.py": {"executed_lines": [2, 3, 4, 9, 11], "summary": {"covered_lines": 5, "num_statements": 5, "percent_covered": 100.0, "percent_covered_display": "100", "missing_lines": 0, "excluded_lines": 0, "percent_statements_covered": 100.0, "percent_statements_covered_display": "100"}, "missing_lines": [], "excluded_lines": [], "functions": {"": {"executed_lines": [2, 3, 4, 9, 11], "summary": {"covered_lines": 5, "num_statements": 5, "percent_covered": 100.0, "percent_covered_display": "100", "missing_lines": 0, "excluded_lines": 0, "percent_statements_covered": 100.0, "percent_statements_covered_display": "100"}, "missing_lines": [], "excluded_lines": [], "start_line": 1}}, "classes": {"": {"executed_lines": [2, 3, 4, 9, 11], "summary": {"covered_lines": 5, "num_statements": 5, "percent_covered": 100.0, "percent_covered_display": "100", "missing_lines": 0, "excluded_lines": 0, "percent_statements_covered": 100.0, "percent_statements_covered_display": "100"}, "missing_lines": [], "excluded_lines": [], "start_line": 1}}}, "gui4aws\\services\\sns\\views.py": {"executed_lines": [2, 3, 4, 5, 7, 9, 18], "summary": {"covered_lines": 7, "num_statements": 21, "percent_covered": 33.333333333333336, "percent_covered_display": "33", "missing_lines": 14, "excluded_lines": 0, "percent_statements_covered": 33.333333333333336, "percent_statements_covered_display": "33"}, "missing_lines": [10, 11, 12, 13, 14, 15, 16, 19, 20, 21, 22, 23, 24, 32], "excluded_lines": [], "functions": {"to_topic_summaries": {"executed_lines": [], "summary": {"covered_lines": 0, "num_statements": 7, "percent_covered": 0.0, "percent_covered_display": "0", "missing_lines": 7, "excluded_lines": 0, "percent_statements_covered": 0.0, "percent_statements_covered_display": "0"}, "missing_lines": [10, 11, 12, 13, 14, 15, 16], "excluded_lines": [], "start_line": 9}, "to_subscription_summaries": {"executed_lines": [], "summary": {"covered_lines": 0, "num_statements": 7, "percent_covered": 0.0, "percent_covered_display": "0", "missing_lines": 7, "excluded_lines": 0, "percent_statements_covered": 0.0, "percent_statements_covered_display": "0"}, "missing_lines": [19, 20, 21, 22, 23, 24, 32], "excluded_lines": [], "start_line": 18}, "": {"executed_lines": [2, 3, 4, 5, 7, 9, 18], "summary": {"covered_lines": 7, "num_statements": 7, "percent_covered": 100.0, "percent_covered_display": "100", "missing_lines": 0, "excluded_lines": 0, "percent_statements_covered": 100.0, "percent_statements_covered_display": "100"}, "missing_lines": [], "excluded_lines": [], "start_line": 1}}, "classes": {"": {"executed_lines": [2, 3, 4, 5, 7, 9, 18], "summary": {"covered_lines": 7, "num_statements": 21, "percent_covered": 33.333333333333336, "percent_covered_display": "33", "missing_lines": 14, "excluded_lines": 0, "percent_statements_covered": 33.333333333333336, "percent_statements_covered_display": "33"}, "missing_lines": [10, 11, 12, 13, 14, 15, 16, 19, 20, 21, 22, 23, 24, 32], "excluded_lines": [], "start_line": 1}}}, "gui4aws\\services\\sqs\\__init__.py": {"executed_lines": [], "summary": {"covered_lines": 0, "num_statements": 0, "percent_covered": 100.0, "percent_covered_display": "100", "missing_lines": 0, "excluded_lines": 0, "percent_statements_covered": 100.0, "percent_statements_covered_display": "100"}, "missing_lines": [], "excluded_lines": [], "functions": {"": {"executed_lines": [], "summary": {"covered_lines": 0, "num_statements": 0, "percent_covered": 100.0, "percent_covered_display": "100", "missing_lines": 0, "excluded_lines": 0, "percent_statements_covered": 100.0, "percent_statements_covered_display": "100"}, "missing_lines": [], "excluded_lines": [], "start_line": 1}}, "classes": {"": {"executed_lines": [], "summary": {"covered_lines": 0, "num_statements": 0, "percent_covered": 100.0, "percent_covered_display": "100", "missing_lines": 0, "excluded_lines": 0, "percent_statements_covered": 100.0, "percent_statements_covered_display": "100"}, "missing_lines": [], "excluded_lines": [], "start_line": 1}}}, "gui4aws\\services\\sqs\\actions.py": {"executed_lines": [3, 5, 14, 16, 27, 61, 93, 123, 160, 207, 236], "summary": {"covered_lines": 11, "num_statements": 11, "percent_covered": 100.0, "percent_covered_display": "100", "missing_lines": 0, "excluded_lines": 0, "percent_statements_covered": 100.0, "percent_statements_covered_display": "100"}, "missing_lines": [], "excluded_lines": [], "functions": {"": {"executed_lines": [3, 5, 14, 16, 27, 61, 93, 123, 160, 207, 236], "summary": {"covered_lines": 11, "num_statements": 11, "percent_covered": 100.0, "percent_covered_display": "100", "missing_lines": 0, "excluded_lines": 0, "percent_statements_covered": 100.0, "percent_statements_covered_display": "100"}, "missing_lines": [], "excluded_lines": [], "start_line": 1}}, "classes": {"": {"executed_lines": [3, 5, 14, 16, 27, 61, 93, 123, 160, 207, 236], "summary": {"covered_lines": 11, "num_statements": 11, "percent_covered": 100.0, "percent_covered_display": "100", "missing_lines": 0, "excluded_lines": 0, "percent_statements_covered": 100.0, "percent_statements_covered_display": "100"}, "missing_lines": [], "excluded_lines": [], "start_line": 1}}}, "gui4aws\\services\\sqs\\models.py": {"executed_lines": [3, 5, 7, 10, 11, 12, 13, 14, 15, 16], "summary": {"covered_lines": 10, "num_statements": 10, "percent_covered": 100.0, "percent_covered_display": "100", "missing_lines": 0, "excluded_lines": 0, "percent_statements_covered": 100.0, "percent_statements_covered_display": "100"}, "missing_lines": [], "excluded_lines": [], "functions": {"": {"executed_lines": [3, 5, 7, 10, 11, 12, 13, 14, 15, 16], "summary": {"covered_lines": 10, "num_statements": 10, "percent_covered": 100.0, "percent_covered_display": "100", "missing_lines": 0, "excluded_lines": 0, "percent_statements_covered": 100.0, "percent_statements_covered_display": "100"}, "missing_lines": [], "excluded_lines": [], "start_line": 1}}, "classes": {"QueueSummary": {"executed_lines": [], "summary": {"covered_lines": 0, "num_statements": 0, "percent_covered": 100.0, "percent_covered_display": "100", "missing_lines": 0, "excluded_lines": 0, "percent_statements_covered": 100.0, "percent_statements_covered_display": "100"}, "missing_lines": [], "excluded_lines": [], "start_line": 11}, "": {"executed_lines": [3, 5, 7, 10, 11, 12, 13, 14, 15, 16], "summary": {"covered_lines": 10, "num_statements": 10, "percent_covered": 100.0, "percent_covered_display": "100", "missing_lines": 0, "excluded_lines": 0, "percent_statements_covered": 100.0, "percent_statements_covered_display": "100"}, "missing_lines": [], "excluded_lines": [], "start_line": 1}}}, "gui4aws\\services\\sqs\\service.py": {"executed_lines": [3, 5, 6, 16, 19], "summary": {"covered_lines": 5, "num_statements": 5, "percent_covered": 100.0, "percent_covered_display": "100", "missing_lines": 0, "excluded_lines": 0, "percent_statements_covered": 100.0, "percent_statements_covered_display": "100"}, "missing_lines": [], "excluded_lines": [], "functions": {"": {"executed_lines": [3, 5, 6, 16, 19], "summary": {"covered_lines": 5, "num_statements": 5, "percent_covered": 100.0, "percent_covered_display": "100", "missing_lines": 0, "excluded_lines": 0, "percent_statements_covered": 100.0, "percent_statements_covered_display": "100"}, "missing_lines": [], "excluded_lines": [], "start_line": 1}}, "classes": {"": {"executed_lines": [3, 5, 6, 16, 19], "summary": {"covered_lines": 5, "num_statements": 5, "percent_covered": 100.0, "percent_covered_display": "100", "missing_lines": 0, "excluded_lines": 0, "percent_statements_covered": 100.0, "percent_statements_covered_display": "100"}, "missing_lines": [], "excluded_lines": [], "start_line": 1}}}, "gui4aws\\services\\sqs\\views.py": {"executed_lines": [3, 5, 6, 8, 10, 13, 14, 15, 16, 18, 19, 28], "summary": {"covered_lines": 12, "num_statements": 12, "percent_covered": 100.0, "percent_covered_display": "100", "missing_lines": 0, "excluded_lines": 0, "percent_statements_covered": 100.0, "percent_statements_covered_display": "100"}, "missing_lines": [], "excluded_lines": [], "functions": {"to_queue_summaries": {"executed_lines": [14, 15, 16, 18, 19, 28], "summary": {"covered_lines": 6, "num_statements": 6, "percent_covered": 100.0, "percent_covered_display": "100", "missing_lines": 0, "excluded_lines": 0, "percent_statements_covered": 100.0, "percent_statements_covered_display": "100"}, "missing_lines": [], "excluded_lines": [], "start_line": 13}, "": {"executed_lines": [3, 5, 6, 8, 10, 13], "summary": {"covered_lines": 6, "num_statements": 6, "percent_covered": 100.0, "percent_covered_display": "100", "missing_lines": 0, "excluded_lines": 0, "percent_statements_covered": 100.0, "percent_statements_covered_display": "100"}, "missing_lines": [], "excluded_lines": [], "start_line": 1}}, "classes": {"": {"executed_lines": [3, 5, 6, 8, 10, 13, 14, 15, 16, 18, 19, 28], "summary": {"covered_lines": 12, "num_statements": 12, "percent_covered": 100.0, "percent_covered_display": "100", "missing_lines": 0, "excluded_lines": 0, "percent_statements_covered": 100.0, "percent_statements_covered_display": "100"}, "missing_lines": [], "excluded_lines": [], "start_line": 1}}}, "gui4aws\\services\\ssm\\__init__.py": {"executed_lines": [3, 5], "summary": {"covered_lines": 2, "num_statements": 2, "percent_covered": 100.0, "percent_covered_display": "100", "missing_lines": 0, "excluded_lines": 0, "percent_statements_covered": 100.0, "percent_statements_covered_display": "100"}, "missing_lines": [], "excluded_lines": [], "functions": {"": {"executed_lines": [3, 5], "summary": {"covered_lines": 2, "num_statements": 2, "percent_covered": 100.0, "percent_covered_display": "100", "missing_lines": 0, "excluded_lines": 0, "percent_statements_covered": 100.0, "percent_statements_covered_display": "100"}, "missing_lines": [], "excluded_lines": [], "start_line": 1}}, "classes": {"": {"executed_lines": [3, 5], "summary": {"covered_lines": 2, "num_statements": 2, "percent_covered": 100.0, "percent_covered_display": "100", "missing_lines": 0, "excluded_lines": 0, "percent_statements_covered": 100.0, "percent_statements_covered_display": "100"}, "missing_lines": [], "excluded_lines": [], "start_line": 1}}}, "gui4aws\\services\\ssm\\actions.py": {"executed_lines": [3, 5, 14, 16, 26, 60, 109, 140, 194, 219], "summary": {"covered_lines": 10, "num_statements": 10, "percent_covered": 100.0, "percent_covered_display": "100", "missing_lines": 0, "excluded_lines": 0, "percent_statements_covered": 100.0, "percent_statements_covered_display": "100"}, "missing_lines": [], "excluded_lines": [], "functions": {"": {"executed_lines": [3, 5, 14, 16, 26, 60, 109, 140, 194, 219], "summary": {"covered_lines": 10, "num_statements": 10, "percent_covered": 100.0, "percent_covered_display": "100", "missing_lines": 0, "excluded_lines": 0, "percent_statements_covered": 100.0, "percent_statements_covered_display": "100"}, "missing_lines": [], "excluded_lines": [], "start_line": 1}}, "classes": {"": {"executed_lines": [3, 5, 14, 16, 26, 60, 109, 140, 194, 219], "summary": {"covered_lines": 10, "num_statements": 10, "percent_covered": 100.0, "percent_covered_display": "100", "missing_lines": 0, "excluded_lines": 0, "percent_statements_covered": 100.0, "percent_statements_covered_display": "100"}, "missing_lines": [], "excluded_lines": [], "start_line": 1}}}, "gui4aws\\services\\ssm\\models.py": {"executed_lines": [3, 5, 7, 10, 11, 12, 13, 14, 15, 16, 17, 18], "summary": {"covered_lines": 12, "num_statements": 12, "percent_covered": 100.0, "percent_covered_display": "100", "missing_lines": 0, "excluded_lines": 0, "percent_statements_covered": 100.0, "percent_statements_covered_display": "100"}, "missing_lines": [], "excluded_lines": [], "functions": {"": {"executed_lines": [3, 5, 7, 10, 11, 12, 13, 14, 15, 16, 17, 18], "summary": {"covered_lines": 12, "num_statements": 12, "percent_covered": 100.0, "percent_covered_display": "100", "missing_lines": 0, "excluded_lines": 0, "percent_statements_covered": 100.0, "percent_statements_covered_display": "100"}, "missing_lines": [], "excluded_lines": [], "start_line": 1}}, "classes": {"ParameterSummary": {"executed_lines": [], "summary": {"covered_lines": 0, "num_statements": 0, "percent_covered": 100.0, "percent_covered_display": "100", "missing_lines": 0, "excluded_lines": 0, "percent_statements_covered": 100.0, "percent_statements_covered_display": "100"}, "missing_lines": [], "excluded_lines": [], "start_line": 11}, "": {"executed_lines": [3, 5, 7, 10, 11, 12, 13, 14, 15, 16, 17, 18], "summary": {"covered_lines": 12, "num_statements": 12, "percent_covered": 100.0, "percent_covered_display": "100", "missing_lines": 0, "excluded_lines": 0, "percent_statements_covered": 100.0, "percent_statements_covered_display": "100"}, "missing_lines": [], "excluded_lines": [], "start_line": 1}}}, "gui4aws\\services\\ssm\\service.py": {"executed_lines": [3, 5, 6, 15, 18], "summary": {"covered_lines": 5, "num_statements": 5, "percent_covered": 100.0, "percent_covered_display": "100", "missing_lines": 0, "excluded_lines": 0, "percent_statements_covered": 100.0, "percent_statements_covered_display": "100"}, "missing_lines": [], "excluded_lines": [], "functions": {"": {"executed_lines": [3, 5, 6, 15, 18], "summary": {"covered_lines": 5, "num_statements": 5, "percent_covered": 100.0, "percent_covered_display": "100", "missing_lines": 0, "excluded_lines": 0, "percent_statements_covered": 100.0, "percent_statements_covered_display": "100"}, "missing_lines": [], "excluded_lines": [], "start_line": 1}}, "classes": {"": {"executed_lines": [3, 5, 6, 15, 18], "summary": {"covered_lines": 5, "num_statements": 5, "percent_covered": 100.0, "percent_covered_display": "100", "missing_lines": 0, "excluded_lines": 0, "percent_statements_covered": 100.0, "percent_statements_covered_display": "100"}, "missing_lines": [], "excluded_lines": [], "start_line": 1}}}, "gui4aws\\services\\ssm\\views.py": {"executed_lines": [3, 5, 6, 8, 10, 13, 20, 29], "summary": {"covered_lines": 8, "num_statements": 24, "percent_covered": 33.333333333333336, "percent_covered_display": "33", "missing_lines": 16, "excluded_lines": 0, "percent_statements_covered": 33.333333333333336, "percent_statements_covered_display": "33"}, "missing_lines": [14, 15, 16, 17, 21, 22, 23, 24, 25, 26, 31, 32, 33, 34, 35, 46], "excluded_lines": [], "functions": {"_optional_str": {"executed_lines": [], "summary": {"covered_lines": 0, "num_statements": 4, "percent_covered": 0.0, "percent_covered_display": "0", "missing_lines": 4, "excluded_lines": 0, "percent_statements_covered": 0.0, "percent_statements_covered_display": "0"}, "missing_lines": [14, 15, 16, 17], "excluded_lines": [], "start_line": 13}, "_optional_int": {"executed_lines": [], "summary": {"covered_lines": 0, "num_statements": 6, "percent_covered": 0.0, "percent_covered_display": "0", "missing_lines": 6, "excluded_lines": 0, "percent_statements_covered": 0.0, "percent_statements_covered_display": "0"}, "missing_lines": [21, 22, 23, 24, 25, 26], "excluded_lines": [], "start_line": 20}, "to_parameter_summaries": {"executed_lines": [], "summary": {"covered_lines": 0, "num_statements": 6, "percent_covered": 0.0, "percent_covered_display": "0", "missing_lines": 6, "excluded_lines": 0, "percent_statements_covered": 0.0, "percent_statements_covered_display": "0"}, "missing_lines": [31, 32, 33, 34, 35, 46], "excluded_lines": [], "start_line": 29}, "": {"executed_lines": [3, 5, 6, 8, 10, 13, 20, 29], "summary": {"covered_lines": 8, "num_statements": 8, "percent_covered": 100.0, "percent_covered_display": "100", "missing_lines": 0, "excluded_lines": 0, "percent_statements_covered": 100.0, "percent_statements_covered_display": "100"}, "missing_lines": [], "excluded_lines": [], "start_line": 1}}, "classes": {"": {"executed_lines": [3, 5, 6, 8, 10, 13, 20, 29], "summary": {"covered_lines": 8, "num_statements": 24, "percent_covered": 33.333333333333336, "percent_covered_display": "33", "missing_lines": 16, "excluded_lines": 0, "percent_statements_covered": 33.333333333333336, "percent_statements_covered_display": "33"}, "missing_lines": [14, 15, 16, 17, 21, 22, 23, 24, 25, 26, 31, 32, 33, 34, 35, 46], "excluded_lines": [], "start_line": 1}}}, "gui4aws\\testing\\__init__.py": {"executed_lines": [], "summary": {"covered_lines": 0, "num_statements": 0, "percent_covered": 100.0, "percent_covered_display": "100", "missing_lines": 0, "excluded_lines": 0, "percent_statements_covered": 100.0, "percent_statements_covered_display": "100"}, "missing_lines": [], "excluded_lines": [], "functions": {"": {"executed_lines": [], "summary": {"covered_lines": 0, "num_statements": 0, "percent_covered": 100.0, "percent_covered_display": "100", "missing_lines": 0, "excluded_lines": 0, "percent_statements_covered": 100.0, "percent_statements_covered_display": "100"}, "missing_lines": [], "excluded_lines": [], "start_line": 1}}, "classes": {"": {"executed_lines": [], "summary": {"covered_lines": 0, "num_statements": 0, "percent_covered": 100.0, "percent_covered_display": "100", "missing_lines": 0, "excluded_lines": 0, "percent_statements_covered": 100.0, "percent_statements_covered_display": "100"}, "missing_lines": [], "excluded_lines": [], "start_line": 1}}}, "gui4aws\\testing\\moto_support.py": {"executed_lines": [], "summary": {"covered_lines": 0, "num_statements": 11, "percent_covered": 0.0, "percent_covered_display": "0", "missing_lines": 11, "excluded_lines": 0, "percent_statements_covered": 0.0, "percent_statements_covered_display": "0"}, "missing_lines": [9, 11, 12, 14, 16, 17, 20, 21, 27, 29, 30], "excluded_lines": [], "functions": {"mock_aws_context": {"executed_lines": [], "summary": {"covered_lines": 0, "num_statements": 3, "percent_covered": 0.0, "percent_covered_display": "0", "missing_lines": 3, "excluded_lines": 0, "percent_statements_covered": 0.0, "percent_statements_covered_display": "0"}, "missing_lines": [27, 29, 30], "excluded_lines": [], "start_line": 21}, "": {"executed_lines": [], "summary": {"covered_lines": 0, "num_statements": 8, "percent_covered": 0.0, "percent_covered_display": "0", "missing_lines": 8, "excluded_lines": 0, "percent_statements_covered": 0.0, "percent_statements_covered_display": "0"}, "missing_lines": [9, 11, 12, 14, 16, 17, 20, 21], "excluded_lines": [], "start_line": 1}}, "classes": {"": {"executed_lines": [], "summary": {"covered_lines": 0, "num_statements": 11, "percent_covered": 0.0, "percent_covered_display": "0", "missing_lines": 11, "excluded_lines": 0, "percent_statements_covered": 0.0, "percent_statements_covered_display": "0"}, "missing_lines": [9, 11, 12, 14, 16, 17, 20, 21, 27, 29, 30], "excluded_lines": [], "start_line": 1}}}}, "totals": {"covered_lines": 2783, "num_statements": 5965, "percent_covered": 46.65549036043588, "percent_covered_display": "47", "missing_lines": 3182, "excluded_lines": 51, "percent_statements_covered": 46.65549036043588, "percent_statements_covered_display": "47"}}