<?xml version="1.0" encoding="utf-8"?><testsuites name="pytest tests"><testsuite name="pytest" errors="0" failures="0" skipped="0" tests="75" time="14.761" timestamp="2026-05-23T09:29:08.570468-04:00" hostname="home"><testcase classname="tests.test_endpoint_config" name="test_moto_default_url" file="tests\test_endpoint_config.py" line="14" time="0.001" /><testcase classname="tests.test_endpoint_config" name="test_custom_requires_url" file="tests\test_endpoint_config.py" line="19" time="0.001" /><testcase classname="tests.test_endpoint_config" name="test_custom_preserves_url" file="tests\test_endpoint_config.py" line="25" time="0.001" /><testcase classname="tests.test_endpoint_config" name="test_aws_mode_resolves_to_none" file="tests\test_endpoint_config.py" line="9" time="0.001" /><testcase classname="tests.test_backup_actions" name="test_list_backup_plans_returns_planted_plan" file="tests\test_backup_actions.py" line="49" time="0.813" /><testcase classname="tests.test_backup_actions" name="test_update_backup_plan_python_script_contains_schedule_payload" file="tests\test_backup_actions.py" line="125" time="0.001" /><testcase classname="tests.test_backup_actions" name="test_delete_backup_vault_via_action" file="tests\test_backup_actions.py" line="92" time="0.337" /><testcase classname="tests.test_backup_actions" name="test_create_backup_plan_via_action" file="tests\test_backup_actions.py" line="72" time="0.198" /><testcase classname="tests.test_backup_actions" name="test_list_backup_vaults_returns_planted_vault" file="tests\test_backup_actions.py" line="28" time="0.192" /><testcase classname="tests.test_backup_actions" name="test_list_recovery_points_against_moto_is_unimplemented" file="tests\test_backup_actions.py" line="152" time="0.281" /><testcase classname="tests.test_backup_actions" name="test_list_backup_jobs_against_moto_is_unimplemented" file="tests\test_backup_actions.py" line="162" time="0.102" /><testcase classname="tests.test_backup_actions" name="test_delete_backup_plan_via_action" file="tests\test_backup_actions.py" line="103" time="0.392" /><testcase classname="tests.test_backup_actions" name="test_create_backup_vault_via_action" file="tests\test_backup_actions.py" line="39" time="0.430" /><testcase classname="tests.test_action_form" name="test_action_form_requires_multiline_content" file="tests\test_action_form.py" line="40" time="0.251" /><testcase classname="tests.test_action_form" name="test_action_dialog_uses_scrollable_body_and_refreshes_multiline_scripts" file="tests\test_action_form.py" line="51" time="0.162" /><testcase classname="tests.test_action_form" name="test_action_form_multiline_prefill_and_values" file="tests\test_action_form.py" line="27" time="0.029" /><testcase classname="tests.test_main_window_aurora" name="test_dispatch_result_filters_aurora_sub_table_rows_to_selected_cluster" file="tests\test_main_window_aurora.py" line="26" time="0.002" /><testcase classname="tests.test_action_history" name="test_history_export_python_has_step_functions" file="tests\test_action_history.py" line="64" time="0.002" /><testcase classname="tests.test_action_history" name="test_history_export_json_roundtrips" file="tests\test_action_history.py" line="76" time="0.002" /><testcase classname="tests.test_action_history" name="test_history_add_and_latest" file="tests\test_action_history.py" line="36" time="0.002" /><testcase classname="tests.test_action_history" name="test_history_export_bash_has_no_double_shebang" file="tests\test_action_history.py" line="54" time="0.003" /><testcase classname="tests.test_action_history" name="test_history_trims_to_max_entries" file="tests\test_action_history.py" line="45" time="0.002" /><testcase classname="tests.test_app_context" name="test_registry_loaded_by_default" file="tests\test_app_context.py" line="46" time="0.002" /><testcase classname="tests.test_app_context" name="test_set_profile_to_empty_means_env" file="tests\test_app_context.py" line="39" time="0.001" /><testcase classname="tests.test_app_context" name="test_set_mode_changes_executor" file="tests\test_app_context.py" line="18" time="0.001" /><testcase classname="tests.test_app_context" name="test_endpoint_config_resolved_aws_is_none" file="tests\test_app_context.py" line="54" time="0.001" /><testcase classname="tests.test_app_context" name="test_set_endpoint_moto_defaults_to_localhost" file="tests\test_app_context.py" line="32" time="0.002" /><testcase classname="tests.test_app_context" name="test_set_endpoint_custom_requires_url" file="tests\test_app_context.py" line="25" time="0.002" /><testcase classname="tests.test_app_context" name="test_default_mode_is_boto3" file="tests\test_app_context.py" line="11" time="0.002" /><testcase classname="tests.test_aurora_actions" name="test_describe_db_clusters_returns_summaries" file="tests\test_aurora_actions.py" line="20" time="2.058" /><testcase classname="tests.test_aurora_actions" name="test_describe_db_instances_preserves_cluster_identifier_for_cluster_members" file="tests\test_aurora_actions.py" line="83" time="0.832" /><testcase classname="tests.test_aurora_actions" name="test_describe_db_cluster_snapshots_returns_summaries" file="tests\test_aurora_actions.py" line="37" time="0.504" /><testcase classname="tests.test_aurora_actions" name="test_describe_db_instances_includes_standalone_with_no_cluster" file="tests\test_aurora_actions.py" line="57" time="1.057" /><testcase classname="tests.test_aurora_actions" name="test_create_db_instance_action_creates_cluster_member" file="tests\test_aurora_actions.py" line="130" time="0.411" /><testcase classname="tests.test_aurora_actions" name="test_describe_db_parameter_groups_returns_custom_groups" file="tests\test_aurora_actions.py" line="172" time="0.625" /><testcase classname="tests.test_aurora_actions" name="test_describe_db_subnet_groups_returns_planted_group" file="tests\test_aurora_actions.py" line="153" time="1.135" /><testcase classname="tests.test_aurora_actions" name="test_create_db_cluster_action_supports_serverless_v2" file="tests\test_aurora_actions.py" line="108" time="0.230" /><testcase classname="tests.test_script_generator" name="test_cli_script_includes_endpoint_url_for_moto" file="tests\test_script_generator.py" line="27" time="0.002" /><testcase classname="tests.test_script_generator" name="test_python_script_for_describe_db_clusters" file="tests\test_script_generator.py" line="40" time="0.001" /><testcase classname="tests.test_script_generator" name="test_cli_script_for_describe_db_clusters" file="tests\test_script_generator.py" line="12" time="0.001" /><testcase classname="tests.test_script_generator" name="test_python_script_includes_endpoint_url_for_custom" file="tests\test_script_generator.py" line="74" time="0.001" /><testcase classname="tests.test_script_generator" name="test_python_script_for_restore_includes_required_params" file="tests\test_script_generator.py" line="54" time="0.001" /><testcase classname="tests.test_main_window_cache" name="test_write_refresh_warms_target_nav_caches" file="tests\test_main_window_cache.py" line="90" time="0.002" /><testcase classname="tests.test_main_window_cache" name="test_open_moto_dashboard_uses_dashboard_endpoint" file="tests\test_main_window_cache.py" line="185" time="0.008" /><testcase classname="tests.test_main_window_cache" name="test_clear_selected_cache_entry_removes_only_current_selection" file="tests\test_main_window_cache.py" line="153" time="0.001" /><testcase classname="tests.test_main_window_cache" name="test_refresh_visible_data_after_write_reloads_current_nav" file="tests\test_main_window_cache.py" line="109" time="0.001" /><testcase classname="tests.test_main_window_cache" name="test_clear_request_queue_drains_pending_and_ready_work" file="tests\test_main_window_cache.py" line="123" time="0.002" /><testcase classname="tests.test_main_window_cache" name="test_diagnostic_snapshots_include_live_state" file="tests\test_main_window_cache.py" line="200" time="0.001" /><testcase classname="tests.test_phase4_write_flows" name="test_aurora_service_exposes_write_navigation" file="tests\test_phase4_write_flows.py" line="115" time="0.001" /><testcase classname="tests.test_phase4_write_flows" name="test_backup_service_exposes_create_vault_navigation" file="tests\test_phase4_write_flows.py" line="157" time="0.001" /><testcase classname="tests.test_phase4_write_flows" name="test_create_db_cluster_snapshot_then_restore_creates_new_cluster" file="tests\test_phase4_write_flows.py" line="35" time="0.920" /><testcase classname="tests.test_phase4_write_flows" name="test_restore_python_script_matches_spec_example_shape" file="tests\test_phase4_write_flows.py" line="81" time="0.002" /><testcase classname="tests.test_phase4_write_flows" name="test_create_backup_vault_then_list" file="tests\test_phase4_write_flows.py" line="69" time="0.410" /><testcase classname="tests.test_dialogs" name="test_needs_review_true_for_safe_write" file="tests\test_dialogs.py" line="23" time="0.001" /><testcase classname="tests.test_dialogs" name="test_typed_confirmation_matches_exact" file="tests\test_dialogs.py" line="63" time="0.001" /><testcase classname="tests.test_dialogs" name="test_warning_banner_only_for_cost_or_destructive" file="tests\test_dialogs.py" line="33" time="0.001" /><testcase classname="tests.test_dialogs" name="test_needs_review_false_for_read_only" file="tests\test_dialogs.py" line="18" time="0.001" /><testcase classname="tests.test_dialogs" name="test_typed_confirmation_can_confirm_only_when_matching" file="tests\test_dialogs.py" line="72" time="0.001" /><testcase classname="tests.test_dialogs" name="test_review_decision_confirm_path" file="tests\test_dialogs.py" line="41" time="0.001" /><testcase classname="tests.test_dialogs" name="test_typed_confirmation_confirm_blocked_on_mismatch" file="tests\test_dialogs.py" line="87" time="0.001" /><testcase classname="tests.test_dialogs" name="test_needs_review_true_for_cost_affecting" file="tests\test_dialogs.py" line="28" time="0.002" /><testcase classname="tests.test_dialogs" name="test_review_decision_cancel_path" file="tests\test_dialogs.py" line="53" time="0.001" /><testcase classname="tests.test_service_registry" name="test_double_register_rejected" file="tests\test_service_registry.py" line="26" time="0.001" /><testcase classname="tests.test_service_registry" name="test_default_registry_has_aurora_and_backup" file="tests\test_service_registry.py" line="10" time="0.001" /><testcase classname="tests.test_service_registry" name="test_aurora_has_clusters_navigation" file="tests\test_service_registry.py" line="18" time="0.003" /><testcase classname="tests.test_action_cache" name="test_app_context_caches_read_only_results" file="tests\test_action_cache.py" line="76" time="0.002" /><testcase classname="tests.test_action_cache" name="test_app_context_does_not_cache_writes" file="tests\test_action_cache.py" line="89" time="0.001" /><testcase classname="tests.test_action_cache" name="test_invalidate_entry_removes_only_selected_cache_entry" file="tests\test_action_cache.py" line="135" time="0.002" /><testcase classname="tests.test_action_cache" name="test_invalidate_read_cache_for_service" file="tests\test_action_cache.py" line="101" time="0.002" /><testcase classname="tests.test_action_cache" name="test_action_cache_snapshot_reports_entries" file="tests\test_action_cache.py" line="114" time="0.002" /><testcase classname="tests.test_action_cache" name="test_action_cache_entry_expires" file="tests\test_action_cache.py" line="57" time="0.001" /><testcase classname="tests.test_cli" name="test_build_parser_has_subcommands" file="tests\test_cli.py" line="18" time="0.012" /><testcase classname="tests.test_cli" name="test_version" file="tests\test_cli.py" line="10" time="0.001" /><testcase classname="tests.test_cli" name="test_doctor_runs" file="tests\test_cli.py" line="29" time="0.036" /><testcase classname="tests.test_cli" name="test_import" file="tests\test_cli.py" line="5" time="0.002" /></testsuite></testsuites>