<?xml version="1.0" encoding="utf-8"?><testsuites name="pytest tests"><testsuite name="pytest" errors="0" failures="0" skipped="2" tests="226" time="56.108" timestamp="2026-06-25T14:09:36.539910-04:00" hostname="home"><testcase classname="tests.test_kms_actions" name="test_create_key_and_list" file="tests\test_kms_actions.py" line="31" time="0.721" /><testcase classname="tests.test_kms_actions" name="test_schedule_key_deletion" file="tests\test_kms_actions.py" line="107" time="0.193" /><testcase classname="tests.test_kms_actions" name="test_delete_alias" file="tests\test_kms_actions.py" line="79" time="0.229" /><testcase classname="tests.test_kms_actions" name="test_list_keys_empty" file="tests\test_kms_actions.py" line="22" time="0.077" /><testcase classname="tests.test_kms_actions" name="test_disable_and_enable_key" file="tests\test_kms_actions.py" line="92" time="0.269" /><testcase classname="tests.test_kms_actions" name="test_key_summary_enabled_field" file="tests\test_kms_actions.py" line="121" time="0.241" /><testcase classname="tests.test_kms_actions" name="test_describe_key" file="tests\test_kms_actions.py" line="51" time="0.194" /><testcase classname="tests.test_kms_actions" name="test_create_and_list_alias" file="tests\test_kms_actions.py" line="62" time="0.678" /><testcase classname="tests.test_main_window_aurora" name="test_dispatch_result_updates_sub_tables_for_aurora_cluster" file="tests\test_main_window_aurora.py" line="42" time="0.002" /><testcase classname="tests.test_main_window_aurora" name="test_dispatch_result_for_sub_action_updates_sub_table_content" file="tests\test_main_window_aurora.py" line="93" time="0.002" /><testcase classname="tests.test_ses_actions" name="test_identity_actions" file="tests\test_ses_actions.py" line="25" time="0.709" /><testcase classname="tests.test_ses_actions" name="test_list_identities_empty" file="tests\test_ses_actions.py" line="17" time="0.174" /><testcase classname="tests.test_ses_actions" name="test_list_templates" file="tests\test_ses_actions.py" line="42" time="0.389" /><testcase classname="tests.test_aurora_actions" name="test_db_snapshot_actions" file="tests\test_aurora_actions.py" line="101" time="1.474" /><testcase classname="tests.test_aurora_actions" name="test_describe_db_instances_includes_standalone_with_no_cluster" file="tests\test_aurora_actions.py" line="155" time="1.151" /><testcase classname="tests.test_aurora_actions" name="test_describe_db_subnet_groups_returns_planted_group" file="tests\test_aurora_actions.py" line="251" time="1.027" /><testcase classname="tests.test_aurora_actions" name="test_create_db_cluster_action_supports_serverless_v2" file="tests\test_aurora_actions.py" line="206" time="0.194" /><testcase classname="tests.test_aurora_actions" name="test_describe_db_clusters_returns_summaries" file="tests\test_aurora_actions.py" line="118" time="0.411" /><testcase classname="tests.test_aurora_actions" name="test_describe_db_instances_preserves_cluster_identifier_for_cluster_members" file="tests\test_aurora_actions.py" line="181" time="0.459" /><testcase classname="tests.test_aurora_actions" name="test_db_lifecycle_actions" file="tests\test_aurora_actions.py" line="58" time="1.418" /><testcase classname="tests.test_aurora_actions" name="test_describe_db_cluster_snapshots_returns_summaries" file="tests\test_aurora_actions.py" line="135" time="0.455" /><testcase classname="tests.test_aurora_actions" name="test_describe_db_parameter_groups_returns_custom_groups" file="tests\test_aurora_actions.py" line="274" time="0.651" /><testcase classname="tests.test_aurora_actions" name="test_delete_db_cluster_and_instance" file="tests\test_aurora_actions.py" line="29" time="0.702" /><testcase classname="tests.test_aurora_actions" name="test_create_db_instance_action_creates_cluster_member" file="tests\test_aurora_actions.py" line="228" time="0.765" /><testcase classname="tests.test_aws_cli_executor" name="test_execute_failure" file="tests\test_aws_cli_executor.py" line="93" time="0.008" /><testcase classname="tests.test_aws_cli_executor" name="test_quote_for_shell" file="tests\test_aws_cli_executor.py" line="18" time="0.001" /><testcase classname="tests.test_aws_cli_executor" name="test_execute_success" file="tests\test_aws_cli_executor.py" line="74" time="0.008" /><testcase classname="tests.test_aws_cli_executor" name="test_execute_not_found" file="tests\test_aws_cli_executor.py" line="112" time="0.003" /><testcase classname="tests.test_aws_cli_executor" name="test_execute_timeout" file="tests\test_aws_cli_executor.py" line="126" time="0.011" /><testcase classname="tests.test_aws_cli_executor" name="test_parse_aws_cli_error" file="tests\test_aws_cli_executor.py" line="24" time="0.001" /><testcase classname="tests.test_aws_cli_executor" name="test_build_argv" file="tests\test_aws_cli_executor.py" line="29" time="0.002" /><testcase classname="tests.test_views_pure" name="test_cloudwatch_views" file="tests\test_views_pure.py" line="183" time="0.002" /><testcase classname="tests.test_views_pure" name="test_sns_views" file="tests\test_views_pure.py" line="244" time="0.002" /><testcase classname="tests.test_views_pure" name="test_networking_views" file="tests\test_views_pure.py" line="118" time="0.002" /><testcase classname="tests.test_views_pure" name="test_backup_views" file="tests\test_views_pure.py" line="317" time="0.002" /><testcase classname="tests.test_views_pure" name="test_lambda_views" file="tests\test_views_pure.py" line="283" time="0.001" /><testcase classname="tests.test_views_pure" name="test_ecs_views" file="tests\test_views_pure.py" line="57" time="0.002" /><testcase classname="tests.test_views_pure" name="test_ses_views" file="tests\test_views_pure.py" line="267" time="0.001" /><testcase classname="tests.test_views_pure" name="test_athena_views" file="tests\test_views_pure.py" line="211" time="0.001" /><testcase classname="tests.test_views_pure" name="test_ssm_views" file="tests\test_views_pure.py" line="236" time="0.001" /><testcase classname="tests.test_views_pure" name="test_iam_views" file="tests\test_views_pure.py" line="298" time="0.001" /><testcase classname="tests.test_views_pure" name="test_cloudformation_views" file="tests\test_views_pure.py" line="291" time="0.003" /><testcase classname="tests.test_config" name="test_save_and_load_config" file="tests\test_config.py" line="21" time="0.016" /><testcase classname="tests.test_config" name="test_load_json_config" file="tests\test_config.py" line="32" time="0.007" /><testcase classname="tests.test_config" name="test_load_default_config" file="tests\test_config.py" line="15" time="0.003" /><testcase classname="tests.test_config" name="test_config_path" file="tests\test_config.py" line="9" time="0.001" /><testcase classname="tests.test_iam_actions" name="test_role_actions" file="tests\test_iam_actions.py" line="82" time="0.874" /><testcase classname="tests.test_iam_actions" name="test_list_policies_builders" file="tests\test_iam_actions.py" line="35" time="0.002" /><testcase classname="tests.test_iam_actions" name="test_policy_actions" file="tests\test_iam_actions.py" line="110" time="0.572" /><testcase classname="tests.test_iam_actions" name="test_group_actions" file="tests\test_iam_actions.py" line="65" time="0.597" /><testcase classname="tests.test_iam_actions" name="test_user_actions" file="tests\test_iam_actions.py" line="42" time="0.747" /><testcase classname="tests.test_sqs_actions" name="test_queue_summary_name_extracted_from_url" file="tests\test_sqs_actions.py" line="100" time="0.010" /><testcase classname="tests.test_sqs_actions" name="test_list_queues_empty" file="tests\test_sqs_actions.py" line="19" time="0.315" /><testcase classname="tests.test_sqs_actions" name="test_send_and_receive_message" file="tests\test_sqs_actions.py" line="64" time="0.509" /><testcase classname="tests.test_sqs_actions" name="test_create_queue_and_list" file="tests\test_sqs_actions.py" line="27" time="0.387" /><testcase classname="tests.test_sqs_actions" name="test_create_queue_appears_with_prefix_filter" file="tests\test_sqs_actions.py" line="39" time="0.373" /><testcase classname="tests.test_sqs_actions" name="test_delete_queue" file="tests\test_sqs_actions.py" line="52" time="0.350" /><testcase classname="tests.test_sqs_actions" name="test_purge_queue_removes_messages" file="tests\test_sqs_actions.py" line="86" time="0.408" /><testcase classname="tests.test_moto_server_tk" name="test_moto_context_list_secrets_via_http" file="tests\test_moto_server_tk.py" line="101" time="1.143" /><testcase classname="tests.test_moto_server_tk" name="test_toolbar_builds_without_error" file="tests\test_moto_server_tk.py" line="179" time="0.279" /><testcase classname="tests.test_moto_server_tk" name="test_action_dialog_opens_and_closes" file="tests\test_moto_server_tk.py" line="137" time="0.292" /><testcase classname="tests.test_moto_server_tk" name="test_action_dialog_form_values_round_trip" file="tests\test_moto_server_tk.py" line="157" time="0.185" /><testcase classname="tests.test_moto_server_tk" name="test_moto_reset_clears_state" file="tests\test_moto_server_tk.py" line="190" time="0.387" /><testcase classname="tests.test_moto_server_tk" name="test_moto_context_list_s3_buckets_via_http" file="tests\test_moto_server_tk.py" line="119" time="0.198" /><testcase classname="tests.test_moto_server_tk" name="test_moto_context_list_sqs_queues_via_http" file="tests\test_moto_server_tk.py" line="82" time="0.205" /><testcase classname="tests.test_moto_server_tk" name="test_moto_server_is_running" file="tests\test_moto_server_tk.py" line="76" time="0.012" /><testcase classname="tests.test_action_history" name="test_history_export_json_roundtrips" file="tests\test_action_history.py" line="77" time="0.003" /><testcase classname="tests.test_action_history" name="test_history_add_and_latest" file="tests\test_action_history.py" line="36" time="0.003" /><testcase classname="tests.test_action_history" name="test_history_trims_to_max_entries" file="tests\test_action_history.py" line="46" time="0.004" /><testcase classname="tests.test_action_history" name="test_history_export_python_has_step_functions" file="tests\test_action_history.py" line="65" time="0.001" /><testcase classname="tests.test_action_history" name="test_history_export_bash_has_no_double_shebang" file="tests\test_action_history.py" line="55" time="0.003" /><testcase classname="tests.test_cli" name="test_doctor_runs" file="tests\test_cli.py" line="29" time="0.073" /><testcase classname="tests.test_cli" name="test_build_parser_has_subcommands" file="tests\test_cli.py" line="18" time="0.007" /><testcase classname="tests.test_cli" name="test_version" file="tests\test_cli.py" line="10" time="0.001" /><testcase classname="tests.test_cli" name="test_import" file="tests\test_cli.py" line="5" time="0.001" /><testcase classname="tests.test_cloudformation_actions" name="test_create_and_delete_stack" file="tests\test_cloudformation_actions.py" line="41" time="1.950" /><testcase classname="tests.test_cloudformation_actions" name="test_list_stacks_builders" file="tests\test_cloudformation_actions.py" line="18" time="0.001" /><testcase classname="tests.test_cloudformation_actions" name="test_list_stacks_empty" file="tests\test_cloudformation_actions.py" line="33" time="0.225" /><testcase classname="tests.test_action_cache" name="test_invalidate_read_cache_for_service" file="tests\test_action_cache.py" line="101" time="0.002" /><testcase classname="tests.test_action_cache" name="test_invalidate_entry_removes_only_selected_cache_entry" file="tests\test_action_cache.py" line="135" time="0.003" /><testcase classname="tests.test_action_cache" name="test_app_context_caches_read_only_results" file="tests\test_action_cache.py" line="76" time="0.002" /><testcase classname="tests.test_action_cache" name="test_action_cache_snapshot_reports_entries" file="tests\test_action_cache.py" line="114" time="0.002" /><testcase classname="tests.test_action_cache" name="test_action_cache_entry_expires" file="tests\test_action_cache.py" line="57" time="0.002" /><testcase classname="tests.test_action_cache" name="test_app_context_does_not_cache_writes" file="tests\test_action_cache.py" line="89" time="0.002" /><testcase classname="tests.test_ssm_actions" name="test_put_and_get_parameter" file="tests\test_ssm_actions.py" line="28" time="0.660" /><testcase classname="tests.test_ssm_actions" name="test_delete_parameter" file="tests\test_ssm_actions.py" line="67" time="0.677" /><testcase classname="tests.test_ssm_actions" name="test_get_parameters_by_path" file="tests\test_ssm_actions.py" line="50" time="0.390" /><testcase classname="tests.test_ssm_actions" name="test_describe_parameters_empty" file="tests\test_ssm_actions.py" line="20" time="0.232" /><testcase classname="tests.test_ecs_actions" name="test_service_actions" file="tests\test_ecs_actions.py" line="95" time="1.085" /><testcase classname="tests.test_ecs_actions" name="test_create_and_delete_cluster" file="tests\test_ecs_actions.py" line="38" time="1.089" /><testcase classname="tests.test_ecs_actions" name="test_task_definition_actions" file="tests\test_ecs_actions.py" line="64" time="0.595" /><testcase classname="tests.test_ecs_actions" name="test_list_clusters_empty" file="tests\test_ecs_actions.py" line="30" time="0.207" /><testcase classname="tests.test_lambda_actions" name="test_list_functions_empty" file="tests\test_lambda_actions.py" line="22" time="0.416" /><testcase classname="tests.test_lambda_actions" name="test_create_function_params_builder" file="tests\test_lambda_actions.py" line="78" time="0.002" /><testcase classname="tests.test_lambda_actions" name="test_create_and_delete_function" file="tests\test_lambda_actions.py" line="30" time="0.961" /><testcase classname="tests.test_dialogs" name="test_warning_banner_only_for_cost_or_destructive" file="tests\test_dialogs.py" line="61" time="0.001" /><testcase classname="tests.test_dialogs" name="test_needs_review_true_for_safe_write" file="tests\test_dialogs.py" line="30" time="0.001" /><testcase classname="tests.test_dialogs" name="test_typed_confirmation_matches_exact" file="tests\test_dialogs.py" line="92" time="0.002" /><testcase classname="tests.test_dialogs" name="test_needs_review_true_for_cost_affecting" file="tests\test_dialogs.py" line="35" time="0.002" /><testcase classname="tests.test_dialogs" name="test_confirmation_text_uses_first_required_field_value" file="tests\test_dialogs.py" line="48" time="0.001" /><testcase classname="tests.test_dialogs" name="test_typed_confirmation_can_confirm_only_when_matching" file="tests\test_dialogs.py" line="101" time="0.001" /><testcase classname="tests.test_dialogs" name="test_needs_review_false_for_read_only" file="tests\test_dialogs.py" line="25" time="0.001" /><testcase classname="tests.test_dialogs" name="test_needs_typed_confirmation_only_for_destructive" file="tests\test_dialogs.py" line="40" time="0.001" /><testcase classname="tests.test_dialogs" name="test_review_decision_confirm_path" file="tests\test_dialogs.py" line="70" time="0.001" /><testcase classname="tests.test_dialogs" name="test_confirmation_text_falls_back_when_identifier_missing" file="tests\test_dialogs.py" line="54" time="0.002" /><testcase classname="tests.test_dialogs" name="test_typed_confirmation_confirm_blocked_on_mismatch" file="tests\test_dialogs.py" line="116" time="0.001" /><testcase classname="tests.test_dialogs" name="test_review_decision_cancel_path" file="tests\test_dialogs.py" line="82" time="0.001" /><testcase classname="tests.test_iac_dialogs" name="test_cdk_dialog_command_building" file="tests\test_iac_dialogs.py" line="25" time="0.004"><skipped type="pytest.skip" message="Tk is unavailable in this environment: Can't find a usable init.tcl in the following directories: &#10;    {C:\Users\matth\AppData\Roaming\uv\python\cpython-3.13-windows-x86_64-none\tcl\tcl8.6}&#10;&#10;C:/Users/matth/AppData/Roaming/uv/python/cpython-3.13-windows-x86_64-none/tcl/tcl8.6/init.tcl: couldn't read file &quot;C:/Users/matth/AppData/Roaming/uv/python/cpython-3.13-windows-x86_64-none/tcl/tcl8.6/init.tcl&quot;: No error&#10;couldn't read file &quot;C:/Users/matth/AppData/Roaming/uv/python/cpython-3.13-windows-x86_64-none/tcl/tcl8.6/init.tcl&quot;: No error&#10;    while executing&#10;&quot;source C:/Users/matth/AppData/Roaming/uv/python/cpython-3.13-windows-x86_64-none/tcl/tcl8.6/init.tcl&quot;&#10;    (&quot;uplevel&quot; body line 1)&#10;    invoked from within&#10;&quot;uplevel #0 [list source $tclfile]&quot;&#10;&#10;&#10;This probably means that Tcl wasn't installed properly.">C:\github\gui4aws\tests\test_iac_dialogs.py:26: Tk is unavailable in this environment: Can't find a usable init.tcl in the following directories: 
    {C:\Users\matth\AppData\Roaming\uv\python\cpython-3.13-windows-x86_64-none\tcl\tcl8.6}

C:/Users/matth/AppData/Roaming/uv/python/cpython-3.13-windows-x86_64-none/tcl/tcl8.6/init.tcl: couldn't read file "C:/Users/matth/AppData/Roaming/uv/python/cpython-3.13-windows-x86_64-none/tcl/tcl8.6/init.tcl": No error
couldn't read file "C:/Users/matth/AppData/Roaming/uv/python/cpython-3.13-windows-x86_64-none/tcl/tcl8.6/init.tcl": No error
    while executing
"source C:/Users/matth/AppData/Roaming/uv/python/cpython-3.13-windows-x86_64-none/tcl/tcl8.6/init.tcl"
    ("uplevel" body line 1)
    invoked from within
"uplevel #0 [list source $tclfile]"


This probably means that Tcl wasn't installed properly.</skipped></testcase><testcase classname="tests.test_iac_dialogs" name="test_terraform_dialog_init" file="tests\test_iac_dialogs.py" line="53" time="0.001"><skipped type="pytest.skip" message="Tk is unavailable in this environment: Can't find a usable init.tcl in the following directories: &#10;    {C:\Users\matth\AppData\Roaming\uv\python\cpython-3.13-windows-x86_64-none\tcl\tcl8.6}&#10;&#10;C:/Users/matth/AppData/Roaming/uv/python/cpython-3.13-windows-x86_64-none/tcl/tcl8.6/init.tcl: couldn't read file &quot;C:/Users/matth/AppData/Roaming/uv/python/cpython-3.13-windows-x86_64-none/tcl/tcl8.6/init.tcl&quot;: No error&#10;couldn't read file &quot;C:/Users/matth/AppData/Roaming/uv/python/cpython-3.13-windows-x86_64-none/tcl/tcl8.6/init.tcl&quot;: No error&#10;    while executing&#10;&quot;source C:/Users/matth/AppData/Roaming/uv/python/cpython-3.13-windows-x86_64-none/tcl/tcl8.6/init.tcl&quot;&#10;    (&quot;uplevel&quot; body line 1)&#10;    invoked from within&#10;&quot;uplevel #0 [list source $tclfile]&quot;&#10;&#10;&#10;This probably means that Tcl wasn't installed properly.">C:\github\gui4aws\tests\test_iac_dialogs.py:54: Tk is unavailable in this environment: Can't find a usable init.tcl in the following directories: 
    {C:\Users\matth\AppData\Roaming\uv\python\cpython-3.13-windows-x86_64-none\tcl\tcl8.6}

C:/Users/matth/AppData/Roaming/uv/python/cpython-3.13-windows-x86_64-none/tcl/tcl8.6/init.tcl: couldn't read file "C:/Users/matth/AppData/Roaming/uv/python/cpython-3.13-windows-x86_64-none/tcl/tcl8.6/init.tcl": No error
couldn't read file "C:/Users/matth/AppData/Roaming/uv/python/cpython-3.13-windows-x86_64-none/tcl/tcl8.6/init.tcl": No error
    while executing
"source C:/Users/matth/AppData/Roaming/uv/python/cpython-3.13-windows-x86_64-none/tcl/tcl8.6/init.tcl"
    ("uplevel" body line 1)
    invoked from within
"uplevel #0 [list source $tclfile]"


This probably means that Tcl wasn't installed properly.</skipped></testcase><testcase classname="tests.test_backup_actions" name="test_list_backup_plans_returns_planted_plan" file="tests\test_backup_actions.py" line="104" time="0.460" /><testcase classname="tests.test_backup_actions" name="test_delete_backup_vault_via_action" file="tests\test_backup_actions.py" line="147" time="0.509" /><testcase classname="tests.test_backup_actions" name="test_create_backup_plan_via_action" file="tests\test_backup_actions.py" line="127" time="0.396" /><testcase classname="tests.test_backup_actions" name="test_list_backup_vaults_returns_planted_vault" file="tests\test_backup_actions.py" line="83" time="0.398" /><testcase classname="tests.test_backup_actions" name="test_delete_backup_plan_via_action" file="tests\test_backup_actions.py" line="158" time="0.370" /><testcase classname="tests.test_backup_actions" name="test_start_backup_job_python_script" file="tests\test_backup_actions.py" line="32" time="0.001" /><testcase classname="tests.test_backup_actions" name="test_list_backup_jobs_against_moto_is_unimplemented" file="tests\test_backup_actions.py" line="217" time="0.204" /><testcase classname="tests.test_backup_actions" name="test_start_restore_job_python_script" file="tests\test_backup_actions.py" line="45" time="0.002" /><testcase classname="tests.test_backup_actions" name="test_list_recovery_points_against_moto_is_unimplemented" file="tests\test_backup_actions.py" line="207" time="0.375" /><testcase classname="tests.test_backup_actions" name="test_list_recovery_points_by_job_view_empty" file="tests\test_backup_actions.py" line="59" time="0.002" /><testcase classname="tests.test_backup_actions" name="test_list_restore_jobs_view" file="tests\test_backup_actions.py" line="65" time="0.003" /><testcase classname="tests.test_backup_actions" name="test_create_backup_vault_via_action" file="tests\test_backup_actions.py" line="94" time="0.352" /><testcase classname="tests.test_backup_actions" name="test_update_backup_plan_python_script_contains_schedule_payload" file="tests\test_backup_actions.py" line="180" time="0.002" /><testcase classname="tests.test_script_generator_extended" name="test_generate_python_script_with_builder" file="tests\test_script_generator_extended.py" line="90" time="0.002" /><testcase classname="tests.test_script_generator_extended" name="test_generate_cli_script_with_profile_and_endpoint" file="tests\test_script_generator_extended.py" line="14" time="0.003" /><testcase classname="tests.test_script_generator_extended" name="test_generate_cli_script_with_builder" file="tests\test_script_generator_extended.py" line="70" time="0.004" /><testcase classname="tests.test_script_generator_extended" name="test_generate_python_script_with_params" file="tests\test_script_generator_extended.py" line="36" time="0.004" /><testcase classname="tests.test_service_registry" name="test_default_registry_has_aurora_and_backup" file="tests\test_service_registry.py" line="10" time="0.002" /><testcase classname="tests.test_service_registry" name="test_aurora_has_clusters_navigation" file="tests\test_service_registry.py" line="18" time="0.003" /><testcase classname="tests.test_service_registry" name="test_double_register_rejected" file="tests\test_service_registry.py" line="26" time="0.003" /><testcase classname="tests.test_widgets" name="test_filter_bar" file="tests\test_widgets.py" line="149" time="0.139" /><testcase classname="tests.test_widgets" name="test_detail_tree" file="tests\test_widgets.py" line="52" time="0.006" /><testcase classname="tests.test_widgets" name="test_status_bar" file="tests\test_widgets.py" line="135" time="0.011" /><testcase classname="tests.test_widgets" name="test_sidebar_populate_and_select" file="tests\test_widgets.py" line="101" time="0.043" /><testcase classname="tests.test_widgets" name="test_toolbar" file="tests\test_widgets.py" line="34" time="0.017" /><testcase classname="tests.test_widgets" name="test_resource_table" file="tests\test_widgets.py" line="64" time="0.007" /><testcase classname="tests.test_endpoint_config" name="test_moto_default_url" file="tests\test_endpoint_config.py" line="14" time="0.004" /><testcase classname="tests.test_endpoint_config" name="test_custom_requires_url" file="tests\test_endpoint_config.py" line="19" time="0.003" /><testcase classname="tests.test_endpoint_config" name="test_custom_preserves_url" file="tests\test_endpoint_config.py" line="25" time="0.002" /><testcase classname="tests.test_endpoint_config" name="test_aws_mode_resolves_to_none" file="tests\test_endpoint_config.py" line="9" time="0.001" /><testcase classname="tests.test_s3_actions" name="test_create_bucket_and_list" file="tests\test_s3_actions.py" line="25" time="0.551" /><testcase classname="tests.test_s3_actions" name="test_delete_bucket" file="tests\test_s3_actions.py" line="36" time="0.748" /><testcase classname="tests.test_s3_actions" name="test_list_buckets_empty" file="tests\test_s3_actions.py" line="17" time="0.233" /><testcase classname="tests.test_s3_actions" name="test_bucket_summary_has_name_and_creation_date" file="tests\test_s3_actions.py" line="79" time="0.518" /><testcase classname="tests.test_s3_actions" name="test_list_objects_empty_bucket" file="tests\test_s3_actions.py" line="48" time="0.438" /><testcase classname="tests.test_s3_actions" name="test_list_objects_with_planted_objects" file="tests\test_s3_actions.py" line="59" time="0.495" /><testcase classname="tests.test_s3_actions" name="test_multiple_buckets_all_appear" file="tests\test_s3_actions.py" line="91" time="0.446" /><testcase classname="tests.test_script_generator" name="test_python_script_for_restore_includes_required_params" file="tests\test_script_generator.py" line="54" time="0.002" /><testcase classname="tests.test_script_generator" name="test_cli_script_for_describe_db_clusters" file="tests\test_script_generator.py" line="12" time="0.002" /><testcase classname="tests.test_script_generator" name="test_python_script_for_describe_db_clusters" file="tests\test_script_generator.py" line="40" time="0.002" /><testcase classname="tests.test_script_generator" name="test_python_script_includes_endpoint_url_for_custom" file="tests\test_script_generator.py" line="74" time="0.001" /><testcase classname="tests.test_script_generator" name="test_cli_script_includes_endpoint_url_for_moto" file="tests\test_script_generator.py" line="27" time="0.001" /><testcase classname="tests.test_boto3_executor_extended" name="test_execute_botocore_error" file="tests\test_boto3_executor_extended.py" line="48" time="0.004" /><testcase classname="tests.test_boto3_executor_extended" name="test_execute_client_error" file="tests\test_boto3_executor_extended.py" line="22" time="0.003" /><testcase classname="tests.test_boto3_executor_extended" name="test_coerce_value" file="tests\test_boto3_executor_extended.py" line="13" time="0.002" /><testcase classname="tests.test_boto3_executor_extended" name="test_build_client_real_aws" file="tests\test_boto3_executor_extended.py" line="71" time="0.002" /><testcase classname="tests.test_networking_actions" name="test_describe_vpcs_default" file="tests\test_networking_actions.py" line="28" time="0.549" /><testcase classname="tests.test_networking_actions" name="test_subnet_actions" file="tests\test_networking_actions.py" line="55" time="1.424" /><testcase classname="tests.test_networking_actions" name="test_security_group_actions" file="tests\test_networking_actions.py" line="76" time="2.027" /><testcase classname="tests.test_networking_actions" name="test_create_and_delete_vpc" file="tests\test_networking_actions.py" line="37" time="1.094" /><testcase classname="tests.test_main_window_cache" name="test_clear_selected_cache_entry_removes_only_current_selection" file="tests\test_main_window_cache.py" line="154" time="0.002" /><testcase classname="tests.test_main_window_cache" name="test_refresh_visible_data_after_write_reloads_current_nav" file="tests\test_main_window_cache.py" line="110" time="0.001" /><testcase classname="tests.test_main_window_cache" name="test_clear_request_queue_drains_pending_and_ready_work" file="tests\test_main_window_cache.py" line="124" time="0.002" /><testcase classname="tests.test_main_window_cache" name="test_diagnostic_snapshots_include_live_state" file="tests\test_main_window_cache.py" line="203" time="0.001" /><testcase classname="tests.test_main_window_cache" name="test_write_refresh_warms_target_nav_caches" file="tests\test_main_window_cache.py" line="91" time="0.002" /><testcase classname="tests.test_main_window_cache" name="test_open_moto_dashboard_uses_dashboard_endpoint" file="tests\test_main_window_cache.py" line="188" time="0.010" /><testcase classname="tests.test_demo_resources" name="test_seed_demo_resources" file="tests\test_demo_resources.py" line="7" time="1.815" /><testcase classname="tests.test_action_form" name="test_action_form_requires_multiline_content" file="tests\test_action_form.py" line="43" time="0.117" /><testcase classname="tests.test_action_form" name="test_destructive_action_runs_when_fully_confirmed" file="tests\test_action_form.py" line="131" time="0.087" /><testcase classname="tests.test_action_form" name="test_action_form_multiline_prefill_and_values" file="tests\test_action_form.py" line="30" time="0.007" /><testcase classname="tests.test_action_form" name="test_action_dialog_refreshes_multiline_scripts" file="tests\test_action_form.py" line="54" time="0.058" /><testcase classname="tests.test_action_form" name="test_destructive_action_blocked_when_typed_confirmation_cancelled" file="tests\test_action_form.py" line="104" time="0.058" /><testcase classname="tests.test_models_pure" name="test_robotocore_manager_initial_state" file="tests\test_models_pure.py" line="274" time="0.001" /><testcase classname="tests.test_models_pure" name="test_endpoint_config_aws_returns_none_url" file="tests\test_models_pure.py" line="72" time="0.001" /><testcase classname="tests.test_models_pure" name="test_robotocore_manager_reset_state_not_running_raises" file="tests\test_models_pure.py" line="291" time="0.001" /><testcase classname="tests.test_models_pure" name="test_generate_python_script_for_list_secrets" file="tests\test_models_pure.py" line="141" time="0.001" /><testcase classname="tests.test_models_pure" name="test_endpoint_config_moto_custom_url" file="tests\test_models_pure.py" line="82" time="0.001" /><testcase classname="tests.test_models_pure" name="test_robotocore_manager_snapshot_structure" file="tests\test_models_pure.py" line="282" time="0.001" /><testcase classname="tests.test_models_pure" name="test_service_registry_duplicate_raises" file="tests\test_models_pure.py" line="113" time="0.001" /><testcase classname="tests.test_models_pure" name="test_list_secrets_cli_args_builder_include_deleted" file="tests\test_models_pure.py" line="210" time="0.001" /><testcase classname="tests.test_models_pure" name="test_list_secrets_boto3_params_builder_include_deleted" file="tests\test_models_pure.py" line="218" time="0.004" /><testcase classname="tests.test_models_pure" name="test_endpoint_config_for_mode_custom_requires_url" file="tests\test_models_pure.py" line="92" time="0.001" /><testcase classname="tests.test_models_pure" name="test_input_field_bool_kind" file="tests\test_models_pure.py" line="33" time="0.001" /><testcase classname="tests.test_models_pure" name="test_generate_python_script_for_create_queue" file="tests\test_models_pure.py" line="170" time="0.001" /><testcase classname="tests.test_models_pure" name="test_endpoint_config_robotocore_default_url" file="tests\test_models_pure.py" line="87" time="0.002" /><testcase classname="tests.test_models_pure" name="test_moto_server_manager_initial_state" file="tests\test_models_pure.py" line="246" time="0.001" /><testcase classname="tests.test_models_pure" name="test_input_field_defaults" file="tests\test_models_pure.py" line="26" time="0.002" /><testcase classname="tests.test_models_pure" name="test_action_definition_roundtrip_fields" file="tests\test_models_pure.py" line="39" time="0.001" /><testcase classname="tests.test_models_pure" name="test_list_secrets_cli_args_builder_with_prefix" file="tests\test_models_pure.py" line="202" time="0.001" /><testcase classname="tests.test_models_pure" name="test_service_registry_register_and_get" file="tests\test_models_pure.py" line="105" time="0.001" /><testcase classname="tests.test_models_pure" name="test_kms_create_key_params_builder_defaults" file="tests\test_models_pure.py" line="226" time="0.002" /><testcase classname="tests.test_models_pure" name="test_service_registry_len_and_iter" file="tests\test_models_pure.py" line="128" time="0.002" /><testcase classname="tests.test_models_pure" name="test_moto_server_manager_snapshot_structure" file="tests\test_models_pure.py" line="261" time="0.001" /><testcase classname="tests.test_models_pure" name="test_endpoint_config_moto_default_url" file="tests\test_models_pure.py" line="77" time="0.001" /><testcase classname="tests.test_models_pure" name="test_generate_cli_script_for_list_secrets" file="tests\test_models_pure.py" line="156" time="0.002" /><testcase classname="tests.test_models_pure" name="test_risk_level_values" file="tests\test_models_pure.py" line="58" time="0.002" /><testcase classname="tests.test_models_pure" name="test_service_registry_missing_raises" file="tests\test_models_pure.py" line="122" time="0.001" /><testcase classname="tests.test_models_pure" name="test_moto_server_manager_output_text_empty" file="tests\test_models_pure.py" line="254" time="0.001" /><testcase classname="tests.test_models_pure" name="test_generate_python_script_with_moto_endpoint" file="tests\test_models_pure.py" line="184" time="0.001" /><testcase classname="tests.test_models_pure" name="test_endpoint_config_for_mode_custom_with_url" file="tests\test_models_pure.py" line="97" time="0.002" /><testcase classname="tests.test_models_pure" name="test_kms_create_key_params_builder_multi_region" file="tests\test_models_pure.py" line="235" time="0.002" /><testcase classname="tests.test_cloudwatch_actions" name="test_describe_alarms_empty" file="tests\test_cloudwatch_actions.py" line="26" time="0.169" /><testcase classname="tests.test_cloudwatch_actions" name="test_log_actions" file="tests\test_cloudwatch_actions.py" line="63" time="1.632" /><testcase classname="tests.test_cloudwatch_actions" name="test_alarm_actions" file="tests\test_cloudwatch_actions.py" line="34" time="0.736" /><testcase classname="tests.test_secrets_actions" name="test_list_secrets_empty" file="tests\test_secrets_actions.py" line="19" time="0.238" /><testcase classname="tests.test_secrets_actions" name="test_put_secret_value" file="tests\test_secrets_actions.py" line="52" time="0.388" /><testcase classname="tests.test_secrets_actions" name="test_delete_and_restore_secret" file="tests\test_secrets_actions.py" line="68" time="0.695" /><testcase classname="tests.test_secrets_actions" name="test_list_secrets_name_prefix_filter" file="tests\test_secrets_actions.py" line="106" time="0.419" /><testcase classname="tests.test_secrets_actions" name="test_secret_summary_fields" file="tests\test_secrets_actions.py" line="93" time="0.360" /><testcase classname="tests.test_secrets_actions" name="test_create_secret_and_list" file="tests\test_secrets_actions.py" line="27" time="0.399" /><testcase classname="tests.test_secrets_actions" name="test_describe_secret" file="tests\test_secrets_actions.py" line="42" time="0.404" /><testcase classname="tests.test_phase4_write_flows" name="test_create_db_cluster_snapshot_then_restore_creates_new_cluster" file="tests\test_phase4_write_flows.py" line="35" time="0.808" /><testcase classname="tests.test_phase4_write_flows" name="test_restore_python_script_matches_spec_example_shape" file="tests\test_phase4_write_flows.py" line="81" time="0.002" /><testcase classname="tests.test_phase4_write_flows" name="test_backup_service_exposes_create_vault_navigation" file="tests\test_phase4_write_flows.py" line="157" time="0.002" /><testcase classname="tests.test_phase4_write_flows" name="test_create_backup_vault_then_list" file="tests\test_phase4_write_flows.py" line="69" time="0.372" /><testcase classname="tests.test_phase4_write_flows" name="test_aurora_service_exposes_write_navigation" file="tests\test_phase4_write_flows.py" line="115" time="0.002" /><testcase classname="tests.test_app_context" name="test_set_endpoint_custom_requires_url" file="tests\test_app_context.py" line="25" time="0.002" /><testcase classname="tests.test_app_context" name="test_default_mode_is_boto3" file="tests\test_app_context.py" line="11" time="0.002" /><testcase classname="tests.test_app_context" name="test_set_endpoint_moto_defaults_to_localhost" file="tests\test_app_context.py" line="32" time="0.002" /><testcase classname="tests.test_app_context" name="test_set_mode_changes_executor" file="tests\test_app_context.py" line="18" time="0.003" /><testcase classname="tests.test_app_context" name="test_registry_loaded_by_default" file="tests\test_app_context.py" line="46" time="0.001" /><testcase classname="tests.test_app_context" name="test_set_profile_to_empty_means_env" file="tests\test_app_context.py" line="39" time="0.002" /><testcase classname="tests.test_app_context" name="test_endpoint_config_resolved_aws_is_none" file="tests\test_app_context.py" line="54" time="0.001" /><testcase classname="tests.test_sns_actions" name="test_list_topics_empty" file="tests\test_sns_actions.py" line="20" time="0.179" /><testcase classname="tests.test_sns_actions" name="test_subscription_actions" file="tests\test_sns_actions.py" line="48" time="0.692" /><testcase classname="tests.test_sns_actions" name="test_create_and_delete_topic" file="tests\test_sns_actions.py" line="28" time="0.554" /><testcase classname="tests.test_sns_actions" name="test_publish_message" file="tests\test_sns_actions.py" line="71" time="0.834" /></testsuite></testsuites>